<?xml version="1.0" encoding="utf-8"?>
<CoverageSession xmlns:xsd="http://www.w3.org/2001/XMLSchema" xmlns:xsi="http://www.w3.org/2001/XMLSchema-instance" Version="0.0.0.0">
  <Summary numSequencePoints="999" visitedSequencePoints="741" numBranchPoints="0" visitedBranchPoints="0" sequenceCoverage="74.17" branchCoverage="0.0" maxCyclomaticComplexity="0" minCyclomaticComplexity="0" maxCrapScore="0" minCrapScore="0" visitedClasses="43" numClasses="44" visitedMethods="144" numMethods="146" />
  <Modules>
    <Module>
      <Summary numSequencePoints="946" visitedSequencePoints="738" numBranchPoints="0" visitedBranchPoints="0" sequenceCoverage="78.01" branchCoverage="0.0" maxCyclomaticComplexity="0" minCyclomaticComplexity="0" maxCrapScore="0" minCrapScore="0" visitedClasses="42" numClasses="42" visitedMethods="143" numMethods="143" />
      <ModuleTime>0001-01-01T00:00:00</ModuleTime>
      <ModuleName>Assembly-CSharp</ModuleName>
      <Files>
        <File uid="22" fullPath="D:/UnityProjects/GitHub/PolskiiBobr/Assets/Arcade Bike Physics/Scripts/ArcadeBikeController.cs" />
        <File uid="23" fullPath="D:/UnityProjects/GitHub/PolskiiBobr/Assets/Arcade Bike Physics/Scripts/BikerAnimation.cs" />
        <File uid="24" fullPath="D:/UnityProjects/GitHub/PolskiiBobr/Assets/Arcade Bike Physics/Scripts/SkidMarks.cs" />
        <File uid="25" fullPath="D:/UnityProjects/GitHub/PolskiiBobr/Assets/InputSettings/ThirpdPesonActionsAsset.cs" />
        <File uid="26" fullPath="D:/UnityProjects/GitHub/PolskiiBobr/Assets/Polytope Studio/Lowpoly_Demos/Environment_Free/Helpers/MouseLook.cs" />
        <File uid="27" fullPath="D:/UnityProjects/GitHub/PolskiiBobr/Assets/Polytope Studio/Lowpoly_Demos/Environment_Free/Helpers/PlayerMovement.cs" />
        <File uid="28" fullPath="D:/UnityProjects/GitHub/PolskiiBobr/Assets/Scripts/Abilites/DashAbility.cs" />
        <File uid="29" fullPath="D:/UnityProjects/GitHub/PolskiiBobr/Assets/Scripts/AI/AI_PATROL.cs" />
        <File uid="30" fullPath="D:/UnityProjects/GitHub/PolskiiBobr/Assets/Scripts/AI/BULL.cs" />
        <File uid="31" fullPath="D:/UnityProjects/GitHub/PolskiiBobr/Assets/Scripts/AI/FieldOfView.cs" />
        <File uid="32" fullPath="D:/UnityProjects/GitHub/PolskiiBobr/Assets/Scripts/AI/FieldOfViewEditor1.cs" />
        <File uid="33" fullPath="D:/UnityProjects/GitHub/PolskiiBobr/Assets/Scripts/BOBR/Dashing.cs" />
        <File uid="34" fullPath="D:/UnityProjects/GitHub/PolskiiBobr/Assets/Scripts/BOBR/Slam.cs" />
        <File uid="35" fullPath="D:/UnityProjects/GitHub/PolskiiBobr/Assets/Scripts/CAR/CarEnterExitSystem.cs" />
        <File uid="36" fullPath="D:/UnityProjects/GitHub/PolskiiBobr/Assets/Scripts/DamageScript.cs" />
        <File uid="37" fullPath="D:/UnityProjects/GitHub/PolskiiBobr/Assets/Scripts/FastTrevel.cs" />
        <File uid="38" fullPath="D:/UnityProjects/GitHub/PolskiiBobr/Assets/Scripts/GameManager.cs" />
        <File uid="39" fullPath="D:/UnityProjects/GitHub/PolskiiBobr/Assets/Scripts/GarageSergei.cs" />
        <File uid="40" fullPath="D:/UnityProjects/GitHub/PolskiiBobr/Assets/Scripts/Inventory/Item.cs" />
        <File uid="41" fullPath="D:/UnityProjects/GitHub/PolskiiBobr/Assets/Scripts/LillyRose.cs" />
        <File uid="42" fullPath="D:/UnityProjects/GitHub/PolskiiBobr/Assets/Scripts/MainMenu.cs" />
        <File uid="43" fullPath="D:/UnityProjects/GitHub/PolskiiBobr/Assets/Scripts/Mommy.cs" />
        <File uid="44" fullPath="D:/UnityProjects/GitHub/PolskiiBobr/Assets/Scripts/NPC/DialogueManager.cs" />
        <File uid="45" fullPath="D:/UnityProjects/GitHub/PolskiiBobr/Assets/Scripts/NPC/NPC.cs" />
        <File uid="46" fullPath="D:/UnityProjects/GitHub/PolskiiBobr/Assets/Scripts/NPC/QUESTING/QuestCheker.cs" />
        <File uid="47" fullPath="D:/UnityProjects/GitHub/PolskiiBobr/Assets/Scripts/NPC/QUESTING/QuestManager.cs" />
        <File uid="48" fullPath="D:/UnityProjects/GitHub/PolskiiBobr/Assets/Scripts/PlayerManager.cs" />
        <File uid="49" fullPath="D:/UnityProjects/GitHub/PolskiiBobr/Assets/Scripts/Pushing.cs" />
        <File uid="50" fullPath="D:/UnityProjects/GitHub/PolskiiBobr/Assets/Scripts/PushingUpgrade.cs" />
        <File uid="51" fullPath="D:/UnityProjects/GitHub/PolskiiBobr/Assets/Scripts/SoundRandomizer.cs" />
        <File uid="52" fullPath="D:/UnityProjects/GitHub/PolskiiBobr/Assets/Scripts/Spawner.cs" />
        <File uid="53" fullPath="D:/UnityProjects/GitHub/PolskiiBobr/Assets/Scripts/Spin.cs" />
        <File uid="54" fullPath="D:/UnityProjects/GitHub/PolskiiBobr/Assets/Scripts/ThirdPersonController.cs" />
        <File uid="55" fullPath="D:/UnityProjects/GitHub/PolskiiBobr/Assets/Scripts/UI/MessageManager.cs" />
        <File uid="56" fullPath="D:/UnityProjects/GitHub/PolskiiBobr/Assets/Scripts/UI/UIManager.cs" />
        <File uid="57" fullPath="D:/UnityProjects/GitHub/PolskiiBobr/Assets/Scripts/Visable.cs" />
        <File uid="58" fullPath="D:/UnityProjects/GitHub/PolskiiBobr/Assets/Scripts/Water.cs" />
        <File uid="59" fullPath="D:/UnityProjects/GitHub/PolskiiBobr/Assets/Scripts/WaterDeath.cs" />
        <File uid="60" fullPath="D:/UnityProjects/GitHub/PolskiiBobr/Assets/Scripts/Util/Cardinal_ScriptMesh.cs" />
        <File uid="61" fullPath="D:/UnityProjects/GitHub/PolskiiBobr/Assets/Scripts/Util/CardinalDirection.cs" />
        <File uid="62" fullPath="D:/UnityProjects/GitHub/PolskiiBobr/Assets/Scripts/World/North.cs" />
        <File uid="63" fullPath="D:/UnityProjects/GitHub/PolskiiBobr/Assets/Scripts/World/Trackable.cs" />
        <File uid="64" fullPath="D:/UnityProjects/GitHub/PolskiiBobr/Assets/Scripts/World/Tracker.cs" />
        <File uid="65" fullPath="D:/UnityProjects/GitHub/PolskiiBobr/Assets/Scripts/Util/BillboardLabel.cs" />
        <File uid="66" fullPath="D:/UnityProjects/GitHub/PolskiiBobr/Assets/Scripts/UI/ACompass.cs" />
        <File uid="67" fullPath="D:/UnityProjects/GitHub/PolskiiBobr/Assets/Scripts/UI/ACompassElement.cs" />
        <File uid="68" fullPath="D:/UnityProjects/GitHub/PolskiiBobr/Assets/Scripts/UI/ADirectionIcon.cs" />
        <File uid="69" fullPath="D:/UnityProjects/GitHub/PolskiiBobr/Assets/Scripts/UI/ATrackableIcon.cs" />
        <File uid="70" fullPath="D:/UnityProjects/GitHub/PolskiiBobr/Assets/Scripts/UI/DirectionIcon.cs" />
        <File uid="71" fullPath="D:/UnityProjects/GitHub/PolskiiBobr/Assets/Scripts/UI/ImageIcon.cs" />
        <File uid="72" fullPath="D:/UnityProjects/GitHub/PolskiiBobr/Assets/Scripts/UI/LetterIcon.cs" />
        <File uid="73" fullPath="D:/UnityProjects/GitHub/PolskiiBobr/Assets/Scripts/UI/SimpleUICompass.cs" />
        <File uid="74" fullPath="D:/UnityProjects/GitHub/PolskiiBobr/Assets/Musor/Scripts/SimpleCameraController.cs" />
        <File uid="75" fullPath="D:/UnityProjects/GitHub/PolskiiBobr/Assets/DavidJalbert/LowPolyPeople/Example/Scripts/AnimationController.cs" />
      </Files>
      <Classes>
        <Class>
          <Summary numSequencePoints="41" visitedSequencePoints="29" numBranchPoints="0" visitedBranchPoints="0" sequenceCoverage="70.73" branchCoverage="0.0" maxCyclomaticComplexity="0" minCyclomaticComplexity="0" maxCrapScore="0" minCrapScore="0" visitedClasses="1" numClasses="1" visitedMethods="3" numMethods="3" />
          <FullName>ArcadeBikeController</FullName>
          <Methods>
            <Method visited="true" cyclomaticComplexity="0" nPathComplexity="0" sequenceCoverage="61.90" branchCoverage="0" crapScore="0" isConstructor="false" isStatic="false" isGetter="false" isSetter="false">
              <Summary numSequencePoints="21" visitedSequencePoints="13" numBranchPoints="0" visitedBranchPoints="0" sequenceCoverage="61.90" branchCoverage="0" maxCyclomaticComplexity="0" minCyclomaticComplexity="0" maxCrapScore="0" minCrapScore="0" visitedClasses="0" numClasses="0" visitedMethods="1" numMethods="1" />
              <MetadataToken>100663302</MetadataToken>
              <Name>System.Boolean ArcadeBikeController::grounded()</Name>
              <FileRef uid="22" />
              <SequencePoints>
                <SequencePoint vc="186" uspid="1984" ordinal="0" offset="0" sl="169" sc="5" el="169" ec="5" bec="0" bev="0" fileid="22" />
                <SequencePoint vc="186" uspid="1985" ordinal="0" offset="1" sl="170" sc="9" el="170" ec="9" bec="0" bev="0" fileid="22" />
                <SequencePoint vc="186" uspid="1986" ordinal="0" offset="49" sl="171" sc="9" el="171" ec="9" bec="0" bev="0" fileid="22" />
                <SequencePoint vc="186" uspid="1987" ordinal="0" offset="66" sl="172" sc="9" el="172" ec="9" bec="0" bev="0" fileid="22" />
                <SequencePoint vc="186" uspid="1988" ordinal="0" offset="89" sl="174" sc="9" el="174" ec="9" bec="0" bev="0" fileid="22" />
                <SequencePoint vc="0" uspid="1989" ordinal="0" offset="102" sl="175" sc="9" el="175" ec="9" bec="0" bev="0" fileid="22" />
                <SequencePoint vc="0" uspid="1990" ordinal="0" offset="103" sl="176" sc="13" el="176" ec="13" bec="0" bev="0" fileid="22" />
                <SequencePoint vc="0" uspid="1991" ordinal="0" offset="146" sl="177" sc="13" el="177" ec="13" bec="0" bev="0" fileid="22" />
                <SequencePoint vc="0" uspid="1992" ordinal="0" offset="147" sl="178" sc="17" el="178" ec="17" bec="0" bev="0" fileid="22" />
                <SequencePoint vc="0" uspid="1993" ordinal="0" offset="152" sl="181" sc="13" el="181" ec="13" bec="0" bev="0" fileid="22" />
                <SequencePoint vc="0" uspid="1994" ordinal="0" offset="153" sl="182" sc="17" el="182" ec="17" bec="0" bev="0" fileid="22" />
                <SequencePoint vc="186" uspid="1995" ordinal="0" offset="158" sl="186" sc="14" el="186" ec="14" bec="0" bev="0" fileid="22" />
                <SequencePoint vc="186" uspid="1996" ordinal="0" offset="173" sl="187" sc="9" el="187" ec="9" bec="0" bev="0" fileid="22" />
                <SequencePoint vc="186" uspid="1997" ordinal="0" offset="174" sl="188" sc="13" el="188" ec="13" bec="0" bev="0" fileid="22" />
                <SequencePoint vc="182" uspid="1998" ordinal="0" offset="222" sl="189" sc="13" el="189" ec="13" bec="0" bev="0" fileid="22" />
                <SequencePoint vc="182" uspid="1999" ordinal="0" offset="223" sl="190" sc="17" el="190" ec="17" bec="0" bev="0" fileid="22" />
                <SequencePoint vc="4" uspid="2000" ordinal="0" offset="228" sl="194" sc="13" el="194" ec="13" bec="0" bev="0" fileid="22" />
                <SequencePoint vc="4" uspid="2001" ordinal="0" offset="229" sl="195" sc="17" el="195" ec="17" bec="0" bev="0" fileid="22" />
                <SequencePoint vc="0" uspid="2002" ordinal="0" offset="234" sl="198" sc="14" el="198" ec="14" bec="0" bev="0" fileid="22" />
                <SequencePoint vc="0" uspid="2003" ordinal="0" offset="235" sl="198" sc="16" el="198" ec="16" bec="0" bev="0" fileid="22" />
                <SequencePoint vc="186" uspid="2004" ordinal="0" offset="240" sl="199" sc="5" el="199" ec="5" bec="0" bev="0" fileid="22" />
              </SequencePoints>
              <BranchPoints />
            </Method>
            <Method visited="true" cyclomaticComplexity="0" nPathComplexity="0" sequenceCoverage="78.95" branchCoverage="0" crapScore="0" isConstructor="false" isStatic="false" isGetter="false" isSetter="false">
              <Summary numSequencePoints="19" visitedSequencePoints="15" numBranchPoints="0" visitedBranchPoints="0" sequenceCoverage="78.95" branchCoverage="0" maxCyclomaticComplexity="0" minCyclomaticComplexity="0" maxCrapScore="0" minCrapScore="0" visitedClasses="0" numClasses="0" visitedMethods="1" numMethods="1" />
              <MetadataToken>100663303</MetadataToken>
              <Name>System.Void ArcadeBikeController::OnDrawGizmos()</Name>
              <FileRef uid="22" />
              <SequencePoints>
                <SequencePoint vc="315" uspid="2005" ordinal="0" offset="0" sl="202" sc="5" el="202" ec="5" bec="0" bev="0" fileid="22" />
                <SequencePoint vc="315" uspid="2006" ordinal="0" offset="1" sl="204" sc="9" el="204" ec="9" bec="0" bev="0" fileid="22" />
                <SequencePoint vc="315" uspid="2007" ordinal="0" offset="23" sl="205" sc="9" el="205" ec="9" bec="0" bev="0" fileid="22" />
                <SequencePoint vc="315" uspid="2008" ordinal="0" offset="29" sl="206" sc="9" el="206" ec="9" bec="0" bev="0" fileid="22" />
                <SequencePoint vc="30" uspid="2009" ordinal="0" offset="44" sl="207" sc="9" el="207" ec="9" bec="0" bev="0" fileid="22" />
                <SequencePoint vc="30" uspid="2010" ordinal="0" offset="45" sl="208" sc="13" el="208" ec="13" bec="0" bev="0" fileid="22" />
                <SequencePoint vc="30" uspid="2011" ordinal="0" offset="56" sl="209" sc="13" el="209" ec="13" bec="0" bev="0" fileid="22" />
                <SequencePoint vc="30" uspid="2012" ordinal="0" offset="137" sl="210" sc="13" el="210" ec="13" bec="0" bev="0" fileid="22" />
                <SequencePoint vc="0" uspid="2013" ordinal="0" offset="152" sl="211" sc="13" el="211" ec="13" bec="0" bev="0" fileid="22" />
                <SequencePoint vc="0" uspid="2014" ordinal="0" offset="153" sl="212" sc="17" el="212" ec="17" bec="0" bev="0" fileid="22" />
                <SequencePoint vc="0" uspid="2015" ordinal="0" offset="164" sl="213" sc="17" el="213" ec="17" bec="0" bev="0" fileid="22" />
                <SequencePoint vc="0" uspid="2016" ordinal="0" offset="192" sl="214" sc="13" el="214" ec="13" bec="0" bev="0" fileid="22" />
                <SequencePoint vc="30" uspid="2017" ordinal="0" offset="193" sl="215" sc="13" el="215" ec="13" bec="0" bev="0" fileid="22" />
                <SequencePoint vc="30" uspid="2018" ordinal="0" offset="208" sl="216" sc="13" el="216" ec="13" bec="0" bev="0" fileid="22" />
                <SequencePoint vc="30" uspid="2019" ordinal="0" offset="209" sl="217" sc="17" el="217" ec="17" bec="0" bev="0" fileid="22" />
                <SequencePoint vc="30" uspid="2020" ordinal="0" offset="220" sl="218" sc="17" el="218" ec="17" bec="0" bev="0" fileid="22" />
                <SequencePoint vc="30" uspid="2021" ordinal="0" offset="257" sl="219" sc="13" el="219" ec="13" bec="0" bev="0" fileid="22" />
                <SequencePoint vc="30" uspid="2022" ordinal="0" offset="258" sl="221" sc="9" el="221" ec="9" bec="0" bev="0" fileid="22" />
                <SequencePoint vc="315" uspid="2023" ordinal="0" offset="259" sl="223" sc="5" el="223" ec="5" bec="0" bev="0" fileid="22" />
              </SequencePoints>
              <BranchPoints />
            </Method>
            <Method visited="true" cyclomaticComplexity="0" nPathComplexity="0" sequenceCoverage="100.0" branchCoverage="0" crapScore="0" isConstructor="true" isStatic="false" isGetter="false" isSetter="false">
              <Summary numSequencePoints="1" visitedSequencePoints="1" numBranchPoints="0" visitedBranchPoints="0" sequenceCoverage="100.0" branchCoverage="0" maxCyclomaticComplexity="0" minCyclomaticComplexity="0" maxCrapScore="0" minCrapScore="0" visitedClasses="0" numClasses="0" visitedMethods="1" numMethods="1" />
              <MetadataToken>100663304</MetadataToken>
              <Name>ArcadeBikeController::ArcadeBikeController()</Name>
              <FileRef uid="22" />
              <SequencePoints>
                <SequencePoint vc="2" uspid="2024" ordinal="0" offset="0" sl="26" sc="5" el="26" ec="5" bec="0" bev="0" fileid="22" />
              </SequencePoints>
              <BranchPoints />
            </Method>
          </Methods>
        </Class>
        <Class>
          <Summary numSequencePoints="34" visitedSequencePoints="28" numBranchPoints="0" visitedBranchPoints="0" sequenceCoverage="82.35" branchCoverage="0.0" maxCyclomaticComplexity="0" minCyclomaticComplexity="0" maxCrapScore="0" minCrapScore="0" visitedClasses="1" numClasses="1" visitedMethods="4" numMethods="4" />
          <FullName>SkidMarks</FullName>
          <Methods>
            <Method visited="true" cyclomaticComplexity="0" nPathComplexity="0" sequenceCoverage="100.0" branchCoverage="0" crapScore="0" isConstructor="false" isStatic="false" isGetter="false" isSetter="false">
              <Summary numSequencePoints="6" visitedSequencePoints="6" numBranchPoints="0" visitedBranchPoints="0" sequenceCoverage="100.0" branchCoverage="0" maxCyclomaticComplexity="0" minCyclomaticComplexity="0" maxCrapScore="0" minCrapScore="0" visitedClasses="0" numClasses="0" visitedMethods="1" numMethods="1" />
              <MetadataToken>100663311</MetadataToken>
              <Name>System.Void SkidMarks::Awake()</Name>
              <FileRef uid="24" />
              <SequencePoints>
                <SequencePoint vc="2" uspid="2116" ordinal="0" offset="0" sl="11" sc="5" el="11" ec="5" bec="0" bev="0" fileid="24" />
                <SequencePoint vc="2" uspid="2117" ordinal="0" offset="1" sl="12" sc="9" el="12" ec="9" bec="0" bev="0" fileid="24" />
                <SequencePoint vc="2" uspid="2118" ordinal="0" offset="13" sl="13" sc="9" el="13" ec="9" bec="0" bev="0" fileid="24" />
                <SequencePoint vc="2" uspid="2119" ordinal="0" offset="25" sl="14" sc="6" el="14" ec="6" bec="0" bev="0" fileid="24" />
                <SequencePoint vc="2" uspid="2120" ordinal="0" offset="38" sl="15" sc="9" el="15" ec="9" bec="0" bev="0" fileid="24" />
                <SequencePoint vc="2" uspid="2121" ordinal="0" offset="61" sl="17" sc="5" el="17" ec="5" bec="0" bev="0" fileid="24" />
              </SequencePoints>
              <BranchPoints />
            </Method>
            <Method visited="true" cyclomaticComplexity="0" nPathComplexity="0" sequenceCoverage="100.0" branchCoverage="0" crapScore="0" isConstructor="false" isStatic="false" isGetter="false" isSetter="false">
              <Summary numSequencePoints="3" visitedSequencePoints="3" numBranchPoints="0" visitedBranchPoints="0" sequenceCoverage="100.0" branchCoverage="0" maxCyclomaticComplexity="0" minCyclomaticComplexity="0" maxCrapScore="0" minCrapScore="0" visitedClasses="0" numClasses="0" visitedMethods="1" numMethods="1" />
              <MetadataToken>100663312</MetadataToken>
              <Name>System.Void SkidMarks::OnEnable()</Name>
              <FileRef uid="24" />
              <SequencePoints>
                <SequencePoint vc="2" uspid="2122" ordinal="0" offset="0" sl="21" sc="2" el="21" ec="2" bec="0" bev="0" fileid="24" />
                <SequencePoint vc="2" uspid="2123" ordinal="0" offset="1" sl="22" sc="3" el="22" ec="3" bec="0" bev="0" fileid="24" />
                <SequencePoint vc="2" uspid="2124" ordinal="0" offset="14" sl="23" sc="2" el="23" ec="2" bec="0" bev="0" fileid="24" />
              </SequencePoints>
              <BranchPoints />
            </Method>
            <Method visited="true" cyclomaticComplexity="0" nPathComplexity="0" sequenceCoverage="100.0" branchCoverage="0" crapScore="0" isConstructor="false" isStatic="false" isGetter="false" isSetter="false">
              <Summary numSequencePoints="3" visitedSequencePoints="3" numBranchPoints="0" visitedBranchPoints="0" sequenceCoverage="100.0" branchCoverage="0" maxCyclomaticComplexity="0" minCyclomaticComplexity="0" maxCrapScore="0" minCrapScore="0" visitedClasses="0" numClasses="0" visitedMethods="1" numMethods="1" />
              <MetadataToken>100663313</MetadataToken>
              <Name>System.Void SkidMarks::OnDisable()</Name>
              <FileRef uid="24" />
              <SequencePoints>
                <SequencePoint vc="2" uspid="2125" ordinal="0" offset="0" sl="25" sc="2" el="25" ec="2" bec="0" bev="0" fileid="24" />
                <SequencePoint vc="2" uspid="2126" ordinal="0" offset="1" sl="26" sc="3" el="26" ec="3" bec="0" bev="0" fileid="24" />
                <SequencePoint vc="2" uspid="2127" ordinal="0" offset="14" sl="27" sc="2" el="27" ec="2" bec="0" bev="0" fileid="24" />
              </SequencePoints>
              <BranchPoints />
            </Method>
            <Method visited="true" cyclomaticComplexity="0" nPathComplexity="0" sequenceCoverage="72.73" branchCoverage="0" crapScore="0" isConstructor="false" isStatic="false" isGetter="false" isSetter="false">
              <Summary numSequencePoints="22" visitedSequencePoints="16" numBranchPoints="0" visitedBranchPoints="0" sequenceCoverage="72.73" branchCoverage="0" maxCyclomaticComplexity="0" minCyclomaticComplexity="0" maxCrapScore="0" minCrapScore="0" visitedClasses="0" numClasses="0" visitedMethods="1" numMethods="1" />
              <MetadataToken>100663314</MetadataToken>
              <Name>System.Void SkidMarks::FixedUpdate()</Name>
              <FileRef uid="24" />
              <SequencePoints>
                <SequencePoint vc="186" uspid="2128" ordinal="0" offset="0" sl="31" sc="5" el="31" ec="5" bec="0" bev="0" fileid="24" />
                <SequencePoint vc="186" uspid="2129" ordinal="0" offset="1" sl="32" sc="9" el="32" ec="9" bec="0" bev="0" fileid="24" />
                <SequencePoint vc="182" uspid="2130" ordinal="0" offset="16" sl="33" sc="9" el="33" ec="9" bec="0" bev="0" fileid="24" />
                <SequencePoint vc="182" uspid="2131" ordinal="0" offset="17" sl="35" sc="13" el="35" ec="13" bec="0" bev="0" fileid="24" />
                <SequencePoint vc="0" uspid="2132" ordinal="0" offset="49" sl="36" sc="13" el="36" ec="13" bec="0" bev="0" fileid="24" />
                <SequencePoint vc="0" uspid="2133" ordinal="0" offset="50" sl="37" sc="17" el="37" ec="17" bec="0" bev="0" fileid="24" />
                <SequencePoint vc="0" uspid="2134" ordinal="0" offset="63" sl="38" sc="13" el="38" ec="13" bec="0" bev="0" fileid="24" />
                <SequencePoint vc="182" uspid="2135" ordinal="0" offset="66" sl="40" sc="13" el="40" ec="13" bec="0" bev="0" fileid="24" />
                <SequencePoint vc="182" uspid="2136" ordinal="0" offset="67" sl="41" sc="17" el="41" ec="17" bec="0" bev="0" fileid="24" />
                <SequencePoint vc="182" uspid="2137" ordinal="0" offset="80" sl="42" sc="13" el="42" ec="13" bec="0" bev="0" fileid="24" />
                <SequencePoint vc="182" uspid="2138" ordinal="0" offset="81" sl="43" sc="9" el="43" ec="9" bec="0" bev="0" fileid="24" />
                <SequencePoint vc="4" uspid="2139" ordinal="0" offset="84" sl="45" sc="9" el="45" ec="9" bec="0" bev="0" fileid="24" />
                <SequencePoint vc="4" uspid="2140" ordinal="0" offset="85" sl="46" sc="13" el="46" ec="13" bec="0" bev="0" fileid="24" />
                <SequencePoint vc="4" uspid="2141" ordinal="0" offset="98" sl="47" sc="9" el="47" ec="9" bec="0" bev="0" fileid="24" />
                <SequencePoint vc="186" uspid="2142" ordinal="0" offset="99" sl="50" sc="9" el="50" ec="9" bec="0" bev="0" fileid="24" />
                <SequencePoint vc="0" uspid="2143" ordinal="0" offset="114" sl="51" sc="9" el="51" ec="9" bec="0" bev="0" fileid="24" />
                <SequencePoint vc="0" uspid="2144" ordinal="0" offset="115" sl="52" sc="13" el="52" ec="13" bec="0" bev="0" fileid="24" />
                <SequencePoint vc="0" uspid="2145" ordinal="0" offset="127" sl="53" sc="9" el="53" ec="9" bec="0" bev="0" fileid="24" />
                <SequencePoint vc="186" uspid="2146" ordinal="0" offset="130" sl="54" sc="14" el="54" ec="14" bec="0" bev="0" fileid="24" />
                <SequencePoint vc="186" uspid="2147" ordinal="0" offset="131" sl="54" sc="16" el="54" ec="16" bec="0" bev="0" fileid="24" />
                <SequencePoint vc="186" uspid="2148" ordinal="0" offset="143" sl="54" sc="30" el="54" ec="30" bec="0" bev="0" fileid="24" />
                <SequencePoint vc="186" uspid="2149" ordinal="0" offset="144" sl="56" sc="5" el="56" ec="5" bec="0" bev="0" fileid="24" />
              </SequencePoints>
              <BranchPoints />
            </Method>
          </Methods>
        </Class>
        <Class>
          <Summary numSequencePoints="11" visitedSequencePoints="11" numBranchPoints="0" visitedBranchPoints="0" sequenceCoverage="100.0" branchCoverage="0.0" maxCyclomaticComplexity="0" minCyclomaticComplexity="0" maxCrapScore="0" minCrapScore="0" visitedClasses="1" numClasses="1" visitedMethods="3" numMethods="3" />
          <FullName>ThirpdPesonActionsAsset</FullName>
          <Methods>
            <Method visited="true" cyclomaticComplexity="0" nPathComplexity="0" sequenceCoverage="100.0" branchCoverage="0" crapScore="0" isConstructor="false" isStatic="false" isGetter="true" isSetter="false">
              <Summary numSequencePoints="1" visitedSequencePoints="1" numBranchPoints="0" visitedBranchPoints="0" sequenceCoverage="100.0" branchCoverage="0" maxCyclomaticComplexity="0" minCyclomaticComplexity="0" maxCrapScore="0" minCrapScore="0" visitedClasses="0" numClasses="0" visitedMethods="1" numMethods="1" />
              <MetadataToken>100663316</MetadataToken>
              <Name>UnityEngine.InputSystem.InputActionAsset ThirpdPesonActionsAsset::get_asset()</Name>
              <FileRef uid="25" />
              <SequencePoints>
                <SequencePoint vc="1" uspid="2150" ordinal="0" offset="0" sl="20" sc="37" el="20" ec="37" bec="0" bev="0" fileid="25" />
              </SequencePoints>
              <BranchPoints />
            </Method>
            <Method visited="true" cyclomaticComplexity="0" nPathComplexity="0" sequenceCoverage="100.0" branchCoverage="0" crapScore="0" isConstructor="false" isStatic="false" isGetter="true" isSetter="false">
              <Summary numSequencePoints="1" visitedSequencePoints="1" numBranchPoints="0" visitedBranchPoints="0" sequenceCoverage="100.0" branchCoverage="0" maxCyclomaticComplexity="0" minCyclomaticComplexity="0" maxCrapScore="0" minCrapScore="0" visitedClasses="0" numClasses="0" visitedMethods="1" numMethods="1" />
              <MetadataToken>100663332</MetadataToken>
              <Name>ThirpdPesonActionsAsset/PlayerActions ThirpdPesonActionsAsset::get_Player()</Name>
              <FileRef uid="25" />
              <SequencePoints>
                <SequencePoint vc="5" uspid="2181" ordinal="0" offset="0" sl="264" sc="37" el="264" ec="37" bec="0" bev="0" fileid="25" />
              </SequencePoints>
              <BranchPoints />
            </Method>
            <Method visited="true" cyclomaticComplexity="0" nPathComplexity="0" sequenceCoverage="100.0" branchCoverage="0" crapScore="0" isConstructor="true" isStatic="false" isGetter="false" isSetter="false">
              <Summary numSequencePoints="9" visitedSequencePoints="9" numBranchPoints="0" visitedBranchPoints="0" sequenceCoverage="100.0" branchCoverage="0" maxCyclomaticComplexity="0" minCyclomaticComplexity="0" maxCrapScore="0" minCrapScore="0" visitedClasses="0" numClasses="0" visitedMethods="1" numMethods="1" />
              <MetadataToken>100663317</MetadataToken>
              <Name>ThirpdPesonActionsAsset::ThirpdPesonActionsAsset()</Name>
              <FileRef uid="25" />
              <SequencePoints>
                <SequencePoint vc="1" uspid="2182" ordinal="0" offset="0" sl="206" sc="5" el="206" ec="5" bec="0" bev="0" fileid="25" />
                <SequencePoint vc="1" uspid="2183" ordinal="0" offset="11" sl="21" sc="5" el="21" ec="5" bec="0" bev="0" fileid="25" />
                <SequencePoint vc="1" uspid="2184" ordinal="0" offset="18" sl="22" sc="5" el="22" ec="5" bec="0" bev="0" fileid="25" />
                <SequencePoint vc="1" uspid="2185" ordinal="0" offset="19" sl="23" sc="9" el="23" ec="9" bec="0" bev="0" fileid="25" />
                <SequencePoint vc="1" uspid="2186" ordinal="0" offset="35" sl="142" sc="9" el="142" ec="9" bec="0" bev="0" fileid="25" />
                <SequencePoint vc="1" uspid="2187" ordinal="0" offset="58" sl="143" sc="9" el="143" ec="9" bec="0" bev="0" fileid="25" />
                <SequencePoint vc="1" uspid="2188" ordinal="0" offset="81" sl="144" sc="9" el="144" ec="9" bec="0" bev="0" fileid="25" />
                <SequencePoint vc="1" uspid="2189" ordinal="0" offset="104" sl="145" sc="9" el="145" ec="9" bec="0" bev="0" fileid="25" />
                <SequencePoint vc="1" uspid="2190" ordinal="0" offset="127" sl="146" sc="5" el="146" ec="5" bec="0" bev="0" fileid="25" />
              </SequencePoints>
              <BranchPoints />
            </Method>
          </Methods>
        </Class>
        <Class>
          <Summary numSequencePoints="50" visitedSequencePoints="33" numBranchPoints="0" visitedBranchPoints="0" sequenceCoverage="66.00" branchCoverage="0.0" maxCyclomaticComplexity="0" minCyclomaticComplexity="0" maxCrapScore="0" minCrapScore="0" visitedClasses="1" numClasses="1" visitedMethods="2" numMethods="2" />
          <FullName>AI_PATROL</FullName>
          <Methods>
            <Method visited="true" cyclomaticComplexity="0" nPathComplexity="0" sequenceCoverage="100.0" branchCoverage="0" crapScore="0" isConstructor="false" isStatic="false" isGetter="false" isSetter="false">
              <Summary numSequencePoints="5" visitedSequencePoints="5" numBranchPoints="0" visitedBranchPoints="0" sequenceCoverage="100.0" branchCoverage="0" maxCyclomaticComplexity="0" minCyclomaticComplexity="0" maxCrapScore="0" minCrapScore="0" visitedClasses="0" numClasses="0" visitedMethods="1" numMethods="1" />
              <MetadataToken>100663342</MetadataToken>
              <Name>System.Void AI_PATROL::Start()</Name>
              <FileRef uid="29" />
              <SequencePoints>
                <SequencePoint vc="13" uspid="2236" ordinal="0" offset="0" sl="21" sc="5" el="21" ec="5" bec="0" bev="0" fileid="29" />
                <SequencePoint vc="13" uspid="2237" ordinal="0" offset="1" sl="22" sc="9" el="22" ec="9" bec="0" bev="0" fileid="29" />
                <SequencePoint vc="13" uspid="2238" ordinal="0" offset="18" sl="23" sc="9" el="23" ec="9" bec="0" bev="0" fileid="29" />
                <SequencePoint vc="13" uspid="2239" ordinal="0" offset="34" sl="24" sc="9" el="24" ec="9" bec="0" bev="0" fileid="29" />
                <SequencePoint vc="13" uspid="2240" ordinal="0" offset="51" sl="25" sc="5" el="25" ec="5" bec="0" bev="0" fileid="29" />
              </SequencePoints>
              <BranchPoints />
            </Method>
            <Method visited="true" cyclomaticComplexity="0" nPathComplexity="0" sequenceCoverage="62.22" branchCoverage="0" crapScore="0" isConstructor="false" isStatic="false" isGetter="false" isSetter="false">
              <Summary numSequencePoints="45" visitedSequencePoints="28" numBranchPoints="0" visitedBranchPoints="0" sequenceCoverage="62.22" branchCoverage="0" maxCyclomaticComplexity="0" minCyclomaticComplexity="0" maxCrapScore="0" minCrapScore="0" visitedClasses="0" numClasses="0" visitedMethods="1" numMethods="1" />
              <MetadataToken>100663343</MetadataToken>
              <Name>System.Void AI_PATROL::FixedUpdate()</Name>
              <FileRef uid="29" />
              <SequencePoints>
                <SequencePoint vc="1209" uspid="2241" ordinal="0" offset="0" sl="28" sc="5" el="28" ec="5" bec="0" bev="0" fileid="29" />
                <SequencePoint vc="1209" uspid="2242" ordinal="0" offset="1" sl="29" sc="9" el="29" ec="9" bec="0" bev="0" fileid="29" />
                <SequencePoint vc="1116" uspid="2243" ordinal="0" offset="17" sl="30" sc="9" el="30" ec="9" bec="0" bev="0" fileid="29" />
                <SequencePoint vc="1116" uspid="2244" ordinal="0" offset="18" sl="31" sc="13" el="31" ec="13" bec="0" bev="0" fileid="29" />
                <SequencePoint vc="0" uspid="2245" ordinal="0" offset="38" sl="32" sc="13" el="32" ec="13" bec="0" bev="0" fileid="29" />
                <SequencePoint vc="0" uspid="2246" ordinal="0" offset="39" sl="33" sc="17" el="33" ec="17" bec="0" bev="0" fileid="29" />
                <SequencePoint vc="0" uspid="2247" ordinal="0" offset="56" sl="34" sc="13" el="34" ec="13" bec="0" bev="0" fileid="29" />
                <SequencePoint vc="1116" uspid="2248" ordinal="0" offset="59" sl="36" sc="13" el="36" ec="13" bec="0" bev="0" fileid="29" />
                <SequencePoint vc="1116" uspid="2249" ordinal="0" offset="60" sl="37" sc="17" el="37" ec="17" bec="0" bev="0" fileid="29" />
                <SequencePoint vc="1116" uspid="2250" ordinal="0" offset="77" sl="38" sc="13" el="38" ec="13" bec="0" bev="0" fileid="29" />
                <SequencePoint vc="1116" uspid="2251" ordinal="0" offset="78" sl="40" sc="13" el="40" ec="13" bec="0" bev="0" fileid="29" />
                <SequencePoint vc="0" uspid="2252" ordinal="0" offset="98" sl="41" sc="13" el="41" ec="13" bec="0" bev="0" fileid="29" />
                <SequencePoint vc="0" uspid="2253" ordinal="0" offset="99" sl="42" sc="17" el="42" ec="17" bec="0" bev="0" fileid="29" />
                <SequencePoint vc="0" uspid="2254" ordinal="0" offset="117" sl="43" sc="17" el="43" ec="17" bec="0" bev="0" fileid="29" />
                <SequencePoint vc="0" uspid="2255" ordinal="0" offset="135" sl="44" sc="13" el="44" ec="13" bec="0" bev="0" fileid="29" />
                <SequencePoint vc="1116" uspid="2256" ordinal="0" offset="136" sl="46" sc="13" el="46" ec="13" bec="0" bev="0" fileid="29" />
                <SequencePoint vc="1116" uspid="2257" ordinal="0" offset="149" sl="50" sc="13" el="50" ec="13" bec="0" bev="0" fileid="29" />
                <SequencePoint vc="1116" uspid="2258" ordinal="0" offset="184" sl="51" sc="13" el="51" ec="13" bec="0" bev="0" fileid="29" />
                <SequencePoint vc="1116" uspid="2259" ordinal="0" offset="229" sl="52" sc="13" el="52" ec="13" bec="0" bev="0" fileid="29" />
                <SequencePoint vc="6" uspid="2260" ordinal="0" offset="243" sl="53" sc="13" el="53" ec="13" bec="0" bev="0" fileid="29" />
                <SequencePoint vc="6" uspid="2261" ordinal="0" offset="244" sl="54" sc="17" el="54" ec="17" bec="0" bev="0" fileid="29" />
                <SequencePoint vc="6" uspid="2262" ordinal="0" offset="258" sl="55" sc="17" el="55" ec="17" bec="0" bev="0" fileid="29" />
                <SequencePoint vc="6" uspid="2263" ordinal="0" offset="279" sl="56" sc="13" el="56" ec="13" bec="0" bev="0" fileid="29" />
                <SequencePoint vc="1116" uspid="2264" ordinal="0" offset="280" sl="57" sc="9" el="57" ec="9" bec="0" bev="0" fileid="29" />
                <SequencePoint vc="1209" uspid="2265" ordinal="0" offset="281" sl="58" sc="9" el="58" ec="9" bec="0" bev="0" fileid="29" />
                <SequencePoint vc="93" uspid="2266" ordinal="0" offset="296" sl="59" sc="9" el="59" ec="9" bec="0" bev="0" fileid="29" />
                <SequencePoint vc="93" uspid="2267" ordinal="0" offset="297" sl="61" sc="13" el="61" ec="13" bec="0" bev="0" fileid="29" />
                <SequencePoint vc="93" uspid="2268" ordinal="0" offset="319" sl="62" sc="13" el="62" ec="13" bec="0" bev="0" fileid="29" />
                <SequencePoint vc="93" uspid="2269" ordinal="0" offset="320" sl="63" sc="17" el="63" ec="17" bec="0" bev="0" fileid="29" />
                <SequencePoint vc="93" uspid="2270" ordinal="0" offset="338" sl="64" sc="17" el="64" ec="17" bec="0" bev="0" fileid="29" />
                <SequencePoint vc="93" uspid="2271" ordinal="0" offset="356" sl="65" sc="13" el="65" ec="13" bec="0" bev="0" fileid="29" />
                <SequencePoint vc="93" uspid="2272" ordinal="0" offset="357" sl="67" sc="13" el="67" ec="13" bec="0" bev="0" fileid="29" />
                <SequencePoint vc="93" uspid="2273" ordinal="0" offset="370" sl="68" sc="9" el="68" ec="9" bec="0" bev="0" fileid="29" />
                <SequencePoint vc="1209" uspid="2274" ordinal="0" offset="371" sl="69" sc="9" el="69" ec="9" bec="0" bev="0" fileid="29" />
                <SequencePoint vc="0" uspid="2275" ordinal="0" offset="386" sl="70" sc="9" el="70" ec="9" bec="0" bev="0" fileid="29" />
                <SequencePoint vc="0" uspid="2276" ordinal="0" offset="387" sl="71" sc="13" el="71" ec="13" bec="0" bev="0" fileid="29" />
                <SequencePoint vc="0" uspid="2277" ordinal="0" offset="404" sl="74" sc="13" el="74" ec="13" bec="0" bev="0" fileid="29" />
                <SequencePoint vc="0" uspid="2278" ordinal="0" offset="426" sl="75" sc="13" el="75" ec="13" bec="0" bev="0" fileid="29" />
                <SequencePoint vc="0" uspid="2279" ordinal="0" offset="427" sl="76" sc="17" el="76" ec="17" bec="0" bev="0" fileid="29" />
                <SequencePoint vc="0" uspid="2280" ordinal="0" offset="445" sl="77" sc="17" el="77" ec="17" bec="0" bev="0" fileid="29" />
                <SequencePoint vc="0" uspid="2281" ordinal="0" offset="463" sl="78" sc="13" el="78" ec="13" bec="0" bev="0" fileid="29" />
                <SequencePoint vc="0" uspid="2282" ordinal="0" offset="464" sl="80" sc="13" el="80" ec="13" bec="0" bev="0" fileid="29" />
                <SequencePoint vc="0" uspid="2283" ordinal="0" offset="477" sl="82" sc="13" el="82" ec="13" bec="0" bev="0" fileid="29" />
                <SequencePoint vc="0" uspid="2284" ordinal="0" offset="505" sl="83" sc="9" el="83" ec="9" bec="0" bev="0" fileid="29" />
                <SequencePoint vc="1209" uspid="2285" ordinal="0" offset="506" sl="85" sc="5" el="85" ec="5" bec="0" bev="0" fileid="29" />
              </SequencePoints>
              <BranchPoints />
            </Method>
          </Methods>
        </Class>
        <Class>
          <Summary numSequencePoints="10" visitedSequencePoints="7" numBranchPoints="0" visitedBranchPoints="0" sequenceCoverage="70.00" branchCoverage="0.0" maxCyclomaticComplexity="0" minCyclomaticComplexity="0" maxCrapScore="0" minCrapScore="0" visitedClasses="1" numClasses="1" visitedMethods="2" numMethods="2" />
          <FullName>BULL</FullName>
          <Methods>
            <Method visited="true" cyclomaticComplexity="0" nPathComplexity="0" sequenceCoverage="50.00" branchCoverage="0" crapScore="0" isConstructor="false" isStatic="false" isGetter="false" isSetter="false">
              <Summary numSequencePoints="6" visitedSequencePoints="3" numBranchPoints="0" visitedBranchPoints="0" sequenceCoverage="50.00" branchCoverage="0" maxCyclomaticComplexity="0" minCyclomaticComplexity="0" maxCrapScore="0" minCrapScore="0" visitedClasses="0" numClasses="0" visitedMethods="1" numMethods="1" />
              <MetadataToken>100663345</MetadataToken>
              <Name>System.Void BULL::OnTriggerEnter(UnityEngine.Collider)</Name>
              <FileRef uid="30" />
              <SequencePoints>
                <SequencePoint vc="12" uspid="2286" ordinal="0" offset="0" sl="13" sc="5" el="13" ec="5" bec="0" bev="0" fileid="30" />
                <SequencePoint vc="12" uspid="2287" ordinal="0" offset="1" sl="14" sc="9" el="14" ec="9" bec="0" bev="0" fileid="30" />
                <SequencePoint vc="0" uspid="2288" ordinal="0" offset="16" sl="15" sc="9" el="15" ec="9" bec="0" bev="0" fileid="30" />
                <SequencePoint vc="0" uspid="2289" ordinal="0" offset="17" sl="16" sc="13" el="16" ec="13" bec="0" bev="0" fileid="30" />
                <SequencePoint vc="0" uspid="2290" ordinal="0" offset="24" sl="17" sc="9" el="17" ec="9" bec="0" bev="0" fileid="30" />
                <SequencePoint vc="12" uspid="2291" ordinal="0" offset="25" sl="19" sc="5" el="19" ec="5" bec="0" bev="0" fileid="30" />
              </SequencePoints>
              <BranchPoints />
            </Method>
            <Method visited="true" cyclomaticComplexity="0" nPathComplexity="0" sequenceCoverage="100.0" branchCoverage="0" crapScore="0" isConstructor="false" isStatic="false" isGetter="false" isSetter="false">
              <Summary numSequencePoints="4" visitedSequencePoints="4" numBranchPoints="0" visitedBranchPoints="0" sequenceCoverage="100.0" branchCoverage="0" maxCyclomaticComplexity="0" minCyclomaticComplexity="0" maxCrapScore="0" minCrapScore="0" visitedClasses="0" numClasses="0" visitedMethods="1" numMethods="1" />
              <MetadataToken>100663347</MetadataToken>
              <Name>System.Void BULL::Start()</Name>
              <FileRef uid="30" />
              <SequencePoints>
                <SequencePoint vc="4" uspid="2300" ordinal="0" offset="0" sl="33" sc="5" el="33" ec="5" bec="0" bev="0" fileid="30" />
                <SequencePoint vc="4" uspid="2301" ordinal="0" offset="1" sl="34" sc="9" el="34" ec="9" bec="0" bev="0" fileid="30" />
                <SequencePoint vc="4" uspid="2302" ordinal="0" offset="18" sl="35" sc="9" el="35" ec="9" bec="0" bev="0" fileid="30" />
                <SequencePoint vc="4" uspid="2303" ordinal="0" offset="35" sl="36" sc="5" el="36" ec="5" bec="0" bev="0" fileid="30" />
              </SequencePoints>
              <BranchPoints />
            </Method>
          </Methods>
        </Class>
        <Class>
          <Summary numSequencePoints="43" visitedSequencePoints="27" numBranchPoints="0" visitedBranchPoints="0" sequenceCoverage="62.79" branchCoverage="0.0" maxCyclomaticComplexity="0" minCyclomaticComplexity="0" maxCrapScore="0" minCrapScore="0" visitedClasses="1" numClasses="1" visitedMethods="5" numMethods="5" />
          <FullName>FieldOfView</FullName>
          <Methods>
            <Method visited="true" cyclomaticComplexity="0" nPathComplexity="0" sequenceCoverage="100.0" branchCoverage="0" crapScore="0" isConstructor="false" isStatic="false" isGetter="false" isSetter="false">
              <Summary numSequencePoints="3" visitedSequencePoints="3" numBranchPoints="0" visitedBranchPoints="0" sequenceCoverage="100.0" branchCoverage="0" maxCyclomaticComplexity="0" minCyclomaticComplexity="0" maxCrapScore="0" minCrapScore="0" visitedClasses="0" numClasses="0" visitedMethods="1" numMethods="1" />
              <MetadataToken>100663351</MetadataToken>
              <Name>System.Void FieldOfView::OnEnable()</Name>
              <FileRef uid="31" />
              <SequencePoints>
                <SequencePoint vc="9" uspid="2313" ordinal="0" offset="0" sl="24" sc="5" el="24" ec="5" bec="0" bev="0" fileid="31" />
                <SequencePoint vc="9" uspid="2314" ordinal="0" offset="1" sl="25" sc="9" el="25" ec="9" bec="0" bev="0" fileid="31" />
                <SequencePoint vc="9" uspid="2315" ordinal="0" offset="24" sl="26" sc="5" el="26" ec="5" bec="0" bev="0" fileid="31" />
              </SequencePoints>
              <BranchPoints />
            </Method>
            <Method visited="true" cyclomaticComplexity="0" nPathComplexity="0" sequenceCoverage="100.0" branchCoverage="0" crapScore="0" isConstructor="false" isStatic="false" isGetter="false" isSetter="false">
              <Summary numSequencePoints="3" visitedSequencePoints="3" numBranchPoints="0" visitedBranchPoints="0" sequenceCoverage="100.0" branchCoverage="0" maxCyclomaticComplexity="0" minCyclomaticComplexity="0" maxCrapScore="0" minCrapScore="0" visitedClasses="0" numClasses="0" visitedMethods="1" numMethods="1" />
              <MetadataToken>100663352</MetadataToken>
              <Name>System.Void FieldOfView::OnDisable()</Name>
              <FileRef uid="31" />
              <SequencePoints>
                <SequencePoint vc="9" uspid="2316" ordinal="0" offset="0" sl="29" sc="5" el="29" ec="5" bec="0" bev="0" fileid="31" />
                <SequencePoint vc="9" uspid="2317" ordinal="0" offset="1" sl="30" sc="9" el="30" ec="9" bec="0" bev="0" fileid="31" />
                <SequencePoint vc="9" uspid="2318" ordinal="0" offset="24" sl="31" sc="5" el="31" ec="5" bec="0" bev="0" fileid="31" />
              </SequencePoints>
              <BranchPoints />
            </Method>
            <Method visited="true" cyclomaticComplexity="0" nPathComplexity="0" sequenceCoverage="100.0" branchCoverage="0" crapScore="0" isConstructor="false" isStatic="false" isGetter="false" isSetter="false">
              <Summary numSequencePoints="5" visitedSequencePoints="5" numBranchPoints="0" visitedBranchPoints="0" sequenceCoverage="100.0" branchCoverage="0" maxCyclomaticComplexity="0" minCyclomaticComplexity="0" maxCrapScore="0" minCrapScore="0" visitedClasses="0" numClasses="0" visitedMethods="1" numMethods="1" />
              <MetadataToken>100663353</MetadataToken>
              <Name>System.Void FieldOfView::Start()</Name>
              <FileRef uid="31" />
              <SequencePoints>
                <SequencePoint vc="9" uspid="2319" ordinal="0" offset="0" sl="34" sc="5" el="34" ec="5" bec="0" bev="0" fileid="31" />
                <SequencePoint vc="9" uspid="2320" ordinal="0" offset="1" sl="35" sc="9" el="35" ec="9" bec="0" bev="0" fileid="31" />
                <SequencePoint vc="9" uspid="2321" ordinal="0" offset="17" sl="36" sc="9" el="36" ec="9" bec="0" bev="0" fileid="31" />
                <SequencePoint vc="9" uspid="2322" ordinal="0" offset="34" sl="37" sc="9" el="37" ec="9" bec="0" bev="0" fileid="31" />
                <SequencePoint vc="9" uspid="2323" ordinal="0" offset="47" sl="38" sc="5" el="38" ec="5" bec="0" bev="0" fileid="31" />
              </SequencePoints>
              <BranchPoints />
            </Method>
            <Method visited="true" cyclomaticComplexity="0" nPathComplexity="0" sequenceCoverage="78.57" branchCoverage="0" crapScore="0" isConstructor="false" isStatic="false" isGetter="false" isSetter="false">
              <Summary numSequencePoints="14" visitedSequencePoints="11" numBranchPoints="0" visitedBranchPoints="0" sequenceCoverage="78.57" branchCoverage="0" maxCyclomaticComplexity="0" minCyclomaticComplexity="0" maxCrapScore="0" minCrapScore="0" visitedClasses="0" numClasses="0" visitedMethods="1" numMethods="1" />
              <MetadataToken>100663355</MetadataToken>
              <Name>System.Void FieldOfView::FixedUpdate()</Name>
              <FileRef uid="31" />
              <SequencePoints>
                <SequencePoint vc="837" uspid="2324" ordinal="0" offset="0" sl="51" sc="5" el="51" ec="5" bec="0" bev="0" fileid="31" />
                <SequencePoint vc="837" uspid="2325" ordinal="0" offset="1" sl="52" sc="9" el="52" ec="9" bec="0" bev="0" fileid="31" />
                <SequencePoint vc="0" uspid="2326" ordinal="0" offset="11" sl="53" sc="9" el="53" ec="9" bec="0" bev="0" fileid="31" />
                <SequencePoint vc="0" uspid="2327" ordinal="0" offset="12" sl="54" sc="13" el="54" ec="13" bec="0" bev="0" fileid="31" />
                <SequencePoint vc="0" uspid="2328" ordinal="0" offset="24" sl="55" sc="9" el="55" ec="9" bec="0" bev="0" fileid="31" />
                <SequencePoint vc="837" uspid="2329" ordinal="0" offset="27" sl="56" sc="14" el="56" ec="14" bec="0" bev="0" fileid="31" />
                <SequencePoint vc="93" uspid="2330" ordinal="0" offset="48" sl="57" sc="9" el="57" ec="9" bec="0" bev="0" fileid="31" />
                <SequencePoint vc="93" uspid="2331" ordinal="0" offset="49" sl="58" sc="13" el="58" ec="13" bec="0" bev="0" fileid="31" />
                <SequencePoint vc="93" uspid="2332" ordinal="0" offset="61" sl="59" sc="9" el="59" ec="9" bec="0" bev="0" fileid="31" />
                <SequencePoint vc="744" uspid="2333" ordinal="0" offset="64" sl="60" sc="14" el="60" ec="14" bec="0" bev="0" fileid="31" />
                <SequencePoint vc="744" uspid="2334" ordinal="0" offset="77" sl="61" sc="9" el="61" ec="9" bec="0" bev="0" fileid="31" />
                <SequencePoint vc="744" uspid="2335" ordinal="0" offset="78" sl="62" sc="13" el="62" ec="13" bec="0" bev="0" fileid="31" />
                <SequencePoint vc="744" uspid="2336" ordinal="0" offset="90" sl="63" sc="9" el="63" ec="9" bec="0" bev="0" fileid="31" />
                <SequencePoint vc="837" uspid="2337" ordinal="0" offset="91" sl="66" sc="5" el="66" ec="5" bec="0" bev="0" fileid="31" />
              </SequencePoints>
              <BranchPoints />
            </Method>
            <Method visited="true" cyclomaticComplexity="0" nPathComplexity="0" sequenceCoverage="27.78" branchCoverage="0" crapScore="0" isConstructor="false" isStatic="false" isGetter="false" isSetter="false">
              <Summary numSequencePoints="18" visitedSequencePoints="5" numBranchPoints="0" visitedBranchPoints="0" sequenceCoverage="27.78" branchCoverage="0" maxCyclomaticComplexity="0" minCyclomaticComplexity="0" maxCrapScore="0" minCrapScore="0" visitedClasses="0" numClasses="0" visitedMethods="1" numMethods="1" />
              <MetadataToken>100663356</MetadataToken>
              <Name>System.Void FieldOfView::FieldOfViewCheck()</Name>
              <FileRef uid="31" />
              <SequencePoints>
                <SequencePoint vc="72" uspid="2338" ordinal="0" offset="0" sl="69" sc="5" el="69" ec="5" bec="0" bev="0" fileid="31" />
                <SequencePoint vc="72" uspid="2339" ordinal="0" offset="1" sl="70" sc="9" el="70" ec="9" bec="0" bev="0" fileid="31" />
                <SequencePoint vc="72" uspid="2340" ordinal="0" offset="35" sl="72" sc="9" el="72" ec="9" bec="0" bev="0" fileid="31" />
                <SequencePoint vc="0" uspid="2341" ordinal="0" offset="47" sl="73" sc="9" el="73" ec="9" bec="0" bev="0" fileid="31" />
                <SequencePoint vc="0" uspid="2342" ordinal="0" offset="48" sl="74" sc="13" el="74" ec="13" bec="0" bev="0" fileid="31" />
                <SequencePoint vc="0" uspid="2343" ordinal="0" offset="57" sl="75" sc="13" el="75" ec="13" bec="0" bev="0" fileid="31" />
                <SequencePoint vc="0" uspid="2344" ordinal="0" offset="89" sl="77" sc="13" el="77" ec="13" bec="0" bev="0" fileid="31" />
                <SequencePoint vc="0" uspid="2345" ordinal="0" offset="126" sl="78" sc="13" el="78" ec="13" bec="0" bev="0" fileid="31" />
                <SequencePoint vc="0" uspid="2346" ordinal="0" offset="127" sl="79" sc="17" el="79" ec="17" bec="0" bev="0" fileid="31" />
                <SequencePoint vc="0" uspid="2347" ordinal="0" offset="151" sl="81" sc="17" el="81" ec="17" bec="0" bev="0" fileid="31" />
                <SequencePoint vc="0" uspid="2348" ordinal="0" offset="201" sl="82" sc="21" el="82" ec="21" bec="0" bev="0" fileid="31" />
                <SequencePoint vc="0" uspid="2349" ordinal="0" offset="210" sl="85" sc="21" el="85" ec="21" bec="0" bev="0" fileid="31" />
                <SequencePoint vc="0" uspid="2350" ordinal="0" offset="217" sl="86" sc="13" el="86" ec="13" bec="0" bev="0" fileid="31" />
                <SequencePoint vc="0" uspid="2351" ordinal="0" offset="220" sl="88" sc="17" el="88" ec="17" bec="0" bev="0" fileid="31" />
                <SequencePoint vc="0" uspid="2352" ordinal="0" offset="227" sl="89" sc="9" el="89" ec="9" bec="0" bev="0" fileid="31" />
                <SequencePoint vc="72" uspid="2353" ordinal="0" offset="230" sl="90" sc="14" el="90" ec="14" bec="0" bev="0" fileid="31" />
                <SequencePoint vc="0" uspid="2354" ordinal="0" offset="242" sl="91" sc="13" el="91" ec="13" bec="0" bev="0" fileid="31" />
                <SequencePoint vc="72" uspid="2355" ordinal="0" offset="249" sl="92" sc="5" el="92" ec="5" bec="0" bev="0" fileid="31" />
              </SequencePoints>
              <BranchPoints />
            </Method>
          </Methods>
        </Class>
        <Class>
          <Summary numSequencePoints="22" visitedSequencePoints="9" numBranchPoints="0" visitedBranchPoints="0" sequenceCoverage="40.91" branchCoverage="0.0" maxCyclomaticComplexity="0" minCyclomaticComplexity="0" maxCrapScore="0" minCrapScore="0" visitedClasses="1" numClasses="1" visitedMethods="3" numMethods="3" />
          <FullName>Slam</FullName>
          <Methods>
            <Method visited="true" cyclomaticComplexity="0" nPathComplexity="0" sequenceCoverage="23.08" branchCoverage="0" crapScore="0" isConstructor="false" isStatic="false" isGetter="false" isSetter="false">
              <Summary numSequencePoints="13" visitedSequencePoints="3" numBranchPoints="0" visitedBranchPoints="0" sequenceCoverage="23.08" branchCoverage="0" maxCyclomaticComplexity="0" minCyclomaticComplexity="0" maxCrapScore="0" minCrapScore="0" visitedClasses="0" numClasses="0" visitedMethods="1" numMethods="1" />
              <MetadataToken>100663364</MetadataToken>
              <Name>System.Void Slam::Update()</Name>
              <FileRef uid="34" />
              <SequencePoints>
                <SequencePoint vc="96" uspid="2385" ordinal="0" offset="0" sl="19" sc="5" el="19" ec="5" bec="0" bev="0" fileid="34" />
                <SequencePoint vc="96" uspid="2386" ordinal="0" offset="1" sl="21" sc="9" el="21" ec="9" bec="0" bev="0" fileid="34" />
                <SequencePoint vc="0" uspid="2387" ordinal="0" offset="39" sl="22" sc="9" el="22" ec="9" bec="0" bev="0" fileid="34" />
                <SequencePoint vc="0" uspid="2388" ordinal="0" offset="40" sl="23" sc="13" el="23" ec="13" bec="0" bev="0" fileid="34" />
                <SequencePoint vc="0" uspid="2389" ordinal="0" offset="51" sl="25" sc="13" el="25" ec="13" bec="0" bev="0" fileid="34" />
                <SequencePoint vc="0" uspid="2390" ordinal="0" offset="69" sl="26" sc="13" el="26" ec="13" bec="0" bev="0" fileid="34" />
                <SequencePoint vc="0" uspid="2391" ordinal="0" offset="86" sl="29" sc="13" el="29" ec="13" bec="0" bev="0" fileid="34" />
                <SequencePoint vc="0" uspid="2392" ordinal="0" offset="102" sl="30" sc="13" el="30" ec="13" bec="0" bev="0" fileid="34" />
                <SequencePoint vc="0" uspid="2393" ordinal="0" offset="103" sl="31" sc="17" el="31" ec="17" bec="0" bev="0" fileid="34" />
                <SequencePoint vc="0" uspid="2394" ordinal="0" offset="116" sl="32" sc="17" el="32" ec="17" bec="0" bev="0" fileid="34" />
                <SequencePoint vc="0" uspid="2395" ordinal="0" offset="133" sl="33" sc="13" el="33" ec="13" bec="0" bev="0" fileid="34" />
                <SequencePoint vc="0" uspid="2396" ordinal="0" offset="134" sl="35" sc="9" el="35" ec="9" bec="0" bev="0" fileid="34" />
                <SequencePoint vc="96" uspid="2397" ordinal="0" offset="135" sl="37" sc="5" el="37" ec="5" bec="0" bev="0" fileid="34" />
              </SequencePoints>
              <BranchPoints />
            </Method>
            <Method visited="true" cyclomaticComplexity="0" nPathComplexity="0" sequenceCoverage="50.00" branchCoverage="0" crapScore="0" isConstructor="false" isStatic="false" isGetter="false" isSetter="false">
              <Summary numSequencePoints="6" visitedSequencePoints="3" numBranchPoints="0" visitedBranchPoints="0" sequenceCoverage="50.00" branchCoverage="0" maxCyclomaticComplexity="0" minCyclomaticComplexity="0" maxCrapScore="0" minCrapScore="0" visitedClasses="0" numClasses="0" visitedMethods="1" numMethods="1" />
              <MetadataToken>100663365</MetadataToken>
              <Name>System.Void Slam::OnTriggerStay(UnityEngine.Collider)</Name>
              <FileRef uid="34" />
              <SequencePoints>
                <SequencePoint vc="93" uspid="2398" ordinal="0" offset="0" sl="41" sc="5" el="41" ec="5" bec="0" bev="0" fileid="34" />
                <SequencePoint vc="93" uspid="2399" ordinal="0" offset="1" sl="42" sc="9" el="42" ec="9" bec="0" bev="0" fileid="34" />
                <SequencePoint vc="0" uspid="2400" ordinal="0" offset="16" sl="43" sc="9" el="43" ec="9" bec="0" bev="0" fileid="34" />
                <SequencePoint vc="0" uspid="2401" ordinal="0" offset="17" sl="44" sc="13" el="44" ec="13" bec="0" bev="0" fileid="34" />
                <SequencePoint vc="0" uspid="2402" ordinal="0" offset="24" sl="45" sc="9" el="45" ec="9" bec="0" bev="0" fileid="34" />
                <SequencePoint vc="93" uspid="2403" ordinal="0" offset="25" sl="46" sc="5" el="46" ec="5" bec="0" bev="0" fileid="34" />
              </SequencePoints>
              <BranchPoints />
            </Method>
            <Method visited="true" cyclomaticComplexity="0" nPathComplexity="0" sequenceCoverage="100.0" branchCoverage="0" crapScore="0" isConstructor="true" isStatic="false" isGetter="false" isSetter="false">
              <Summary numSequencePoints="3" visitedSequencePoints="3" numBranchPoints="0" visitedBranchPoints="0" sequenceCoverage="100.0" branchCoverage="0" maxCyclomaticComplexity="0" minCyclomaticComplexity="0" maxCrapScore="0" minCrapScore="0" visitedClasses="0" numClasses="0" visitedMethods="1" numMethods="1" />
              <MetadataToken>100663369</MetadataToken>
              <Name>Slam::Slam()</Name>
              <FileRef uid="34" />
              <SequencePoints>
                <SequencePoint vc="2" uspid="2427" ordinal="0" offset="0" sl="7" sc="5" el="7" ec="5" bec="0" bev="0" fileid="34" />
                <SequencePoint vc="2" uspid="2428" ordinal="0" offset="11" sl="9" sc="5" el="9" ec="5" bec="0" bev="0" fileid="34" />
                <SequencePoint vc="2" uspid="2429" ordinal="0" offset="22" sl="13" sc="5" el="13" ec="5" bec="0" bev="0" fileid="34" />
              </SequencePoints>
              <BranchPoints />
            </Method>
          </Methods>
        </Class>
        <Class>
          <Summary numSequencePoints="54" visitedSequencePoints="23" numBranchPoints="0" visitedBranchPoints="0" sequenceCoverage="42.59" branchCoverage="0.0" maxCyclomaticComplexity="0" minCyclomaticComplexity="0" maxCrapScore="0" minCrapScore="0" visitedClasses="1" numClasses="1" visitedMethods="5" numMethods="5" />
          <FullName>CarEnterExitSystem</FullName>
          <Methods>
            <Method visited="true" cyclomaticComplexity="0" nPathComplexity="0" sequenceCoverage="100.0" branchCoverage="0" crapScore="0" isConstructor="false" isStatic="false" isGetter="false" isSetter="false">
              <Summary numSequencePoints="3" visitedSequencePoints="3" numBranchPoints="0" visitedBranchPoints="0" sequenceCoverage="100.0" branchCoverage="0" maxCyclomaticComplexity="0" minCyclomaticComplexity="0" maxCrapScore="0" minCrapScore="0" visitedClasses="0" numClasses="0" visitedMethods="1" numMethods="1" />
              <MetadataToken>100663370</MetadataToken>
              <Name>System.Void CarEnterExitSystem::OnEnable()</Name>
              <FileRef uid="35" />
              <SequencePoints>
                <SequencePoint vc="1" uspid="2430" ordinal="0" offset="0" sl="32" sc="5" el="32" ec="5" bec="0" bev="0" fileid="35" />
                <SequencePoint vc="1" uspid="2431" ordinal="0" offset="1" sl="33" sc="9" el="33" ec="9" bec="0" bev="0" fileid="35" />
                <SequencePoint vc="1" uspid="2432" ordinal="0" offset="24" sl="34" sc="5" el="34" ec="5" bec="0" bev="0" fileid="35" />
              </SequencePoints>
              <BranchPoints />
            </Method>
            <Method visited="true" cyclomaticComplexity="0" nPathComplexity="0" sequenceCoverage="100.0" branchCoverage="0" crapScore="0" isConstructor="false" isStatic="false" isGetter="false" isSetter="false">
              <Summary numSequencePoints="3" visitedSequencePoints="3" numBranchPoints="0" visitedBranchPoints="0" sequenceCoverage="100.0" branchCoverage="0" maxCyclomaticComplexity="0" minCyclomaticComplexity="0" maxCrapScore="0" minCrapScore="0" visitedClasses="0" numClasses="0" visitedMethods="1" numMethods="1" />
              <MetadataToken>100663371</MetadataToken>
              <Name>System.Void CarEnterExitSystem::OnDisable()</Name>
              <FileRef uid="35" />
              <SequencePoints>
                <SequencePoint vc="1" uspid="2433" ordinal="0" offset="0" sl="37" sc="5" el="37" ec="5" bec="0" bev="0" fileid="35" />
                <SequencePoint vc="1" uspid="2434" ordinal="0" offset="1" sl="38" sc="9" el="38" ec="9" bec="0" bev="0" fileid="35" />
                <SequencePoint vc="1" uspid="2435" ordinal="0" offset="24" sl="39" sc="5" el="39" ec="5" bec="0" bev="0" fileid="35" />
              </SequencePoints>
              <BranchPoints />
            </Method>
            <Method visited="true" cyclomaticComplexity="0" nPathComplexity="0" sequenceCoverage="100.0" branchCoverage="0" crapScore="0" isConstructor="false" isStatic="false" isGetter="false" isSetter="false">
              <Summary numSequencePoints="10" visitedSequencePoints="10" numBranchPoints="0" visitedBranchPoints="0" sequenceCoverage="100.0" branchCoverage="0" maxCyclomaticComplexity="0" minCyclomaticComplexity="0" maxCrapScore="0" minCrapScore="0" visitedClasses="0" numClasses="0" visitedMethods="1" numMethods="1" />
              <MetadataToken>100663372</MetadataToken>
              <Name>System.Void CarEnterExitSystem::Start()</Name>
              <FileRef uid="35" />
              <SequencePoints>
                <SequencePoint vc="1" uspid="2436" ordinal="0" offset="0" sl="43" sc="5" el="43" ec="5" bec="0" bev="0" fileid="35" />
                <SequencePoint vc="1" uspid="2437" ordinal="0" offset="1" sl="44" sc="9" el="44" ec="9" bec="0" bev="0" fileid="35" />
                <SequencePoint vc="1" uspid="2438" ordinal="0" offset="14" sl="45" sc="9" el="45" ec="9" bec="0" bev="0" fileid="35" />
                <SequencePoint vc="1" uspid="2439" ordinal="0" offset="32" sl="46" sc="9" el="46" ec="9" bec="0" bev="0" fileid="35" />
                <SequencePoint vc="1" uspid="2440" ordinal="0" offset="39" sl="47" sc="9" el="47" ec="9" bec="0" bev="0" fileid="35" />
                <SequencePoint vc="1" uspid="2441" ordinal="0" offset="52" sl="48" sc="9" el="48" ec="9" bec="0" bev="0" fileid="35" />
                <SequencePoint vc="1" uspid="2442" ordinal="0" offset="65" sl="49" sc="9" el="49" ec="9" bec="0" bev="0" fileid="35" />
                <SequencePoint vc="1" uspid="2443" ordinal="0" offset="72" sl="51" sc="9" el="51" ec="9" bec="0" bev="0" fileid="35" />
                <SequencePoint vc="1" uspid="2444" ordinal="0" offset="85" sl="52" sc="9" el="52" ec="9" bec="0" bev="0" fileid="35" />
                <SequencePoint vc="1" uspid="2445" ordinal="0" offset="98" sl="53" sc="5" el="53" ec="5" bec="0" bev="0" fileid="35" />
              </SequencePoints>
              <BranchPoints />
            </Method>
            <Method visited="true" cyclomaticComplexity="0" nPathComplexity="0" sequenceCoverage="11.43" branchCoverage="0" crapScore="0" isConstructor="false" isStatic="false" isGetter="false" isSetter="false">
              <Summary numSequencePoints="35" visitedSequencePoints="4" numBranchPoints="0" visitedBranchPoints="0" sequenceCoverage="11.43" branchCoverage="0" maxCyclomaticComplexity="0" minCyclomaticComplexity="0" maxCrapScore="0" minCrapScore="0" visitedClasses="0" numClasses="0" visitedMethods="1" numMethods="1" />
              <MetadataToken>100663373</MetadataToken>
              <Name>System.Void CarEnterExitSystem::Update()</Name>
              <FileRef uid="35" />
              <SequencePoints>
                <SequencePoint vc="96" uspid="2446" ordinal="0" offset="0" sl="57" sc="5" el="57" ec="5" bec="0" bev="0" fileid="35" />
                <SequencePoint vc="96" uspid="2447" ordinal="0" offset="1" sl="59" sc="9" el="59" ec="9" bec="0" bev="0" fileid="35" />
                <SequencePoint vc="0" uspid="2448" ordinal="0" offset="26" sl="60" sc="9" el="60" ec="9" bec="0" bev="0" fileid="35" />
                <SequencePoint vc="0" uspid="2449" ordinal="0" offset="27" sl="61" sc="13" el="61" ec="13" bec="0" bev="0" fileid="35" />
                <SequencePoint vc="0" uspid="2450" ordinal="0" offset="40" sl="62" sc="13" el="62" ec="13" bec="0" bev="0" fileid="35" />
                <SequencePoint vc="0" uspid="2451" ordinal="0" offset="50" sl="63" sc="13" el="63" ec="13" bec="0" bev="0" fileid="35" />
                <SequencePoint vc="0" uspid="2452" ordinal="0" offset="51" sl="64" sc="17" el="64" ec="17" bec="0" bev="0" fileid="35" />
                <SequencePoint vc="0" uspid="2453" ordinal="0" offset="64" sl="65" sc="17" el="65" ec="17" bec="0" bev="0" fileid="35" />
                <SequencePoint vc="0" uspid="2454" ordinal="0" offset="77" sl="66" sc="17" el="66" ec="17" bec="0" bev="0" fileid="35" />
                <SequencePoint vc="0" uspid="2455" ordinal="0" offset="90" sl="67" sc="13" el="67" ec="13" bec="0" bev="0" fileid="35" />
                <SequencePoint vc="0" uspid="2456" ordinal="0" offset="93" sl="69" sc="13" el="69" ec="13" bec="0" bev="0" fileid="35" />
                <SequencePoint vc="0" uspid="2457" ordinal="0" offset="94" sl="70" sc="17" el="70" ec="17" bec="0" bev="0" fileid="35" />
                <SequencePoint vc="0" uspid="2458" ordinal="0" offset="107" sl="71" sc="17" el="71" ec="17" bec="0" bev="0" fileid="35" />
                <SequencePoint vc="0" uspid="2459" ordinal="0" offset="120" sl="72" sc="17" el="72" ec="17" bec="0" bev="0" fileid="35" />
                <SequencePoint vc="0" uspid="2460" ordinal="0" offset="133" sl="73" sc="13" el="73" ec="13" bec="0" bev="0" fileid="35" />
                <SequencePoint vc="0" uspid="2461" ordinal="0" offset="134" sl="79" sc="13" el="79" ec="13" bec="0" bev="0" fileid="35" />
                <SequencePoint vc="0" uspid="2462" ordinal="0" offset="152" sl="83" sc="13" el="83" ec="13" bec="0" bev="0" fileid="35" />
                <SequencePoint vc="0" uspid="2463" ordinal="0" offset="175" sl="84" sc="13" el="84" ec="13" bec="0" bev="0" fileid="35" />
                <SequencePoint vc="0" uspid="2464" ordinal="0" offset="193" sl="85" sc="13" el="85" ec="13" bec="0" bev="0" fileid="35" />
                <SequencePoint vc="0" uspid="2465" ordinal="0" offset="206" sl="88" sc="13" el="88" ec="13" bec="0" bev="0" fileid="35" />
                <SequencePoint vc="0" uspid="2466" ordinal="0" offset="224" sl="89" sc="13" el="89" ec="13" bec="0" bev="0" fileid="35" />
                <SequencePoint vc="0" uspid="2467" ordinal="0" offset="242" sl="92" sc="9" el="92" ec="9" bec="0" bev="0" fileid="35" />
                <SequencePoint vc="96" uspid="2468" ordinal="0" offset="243" sl="94" sc="9" el="94" ec="9" bec="0" bev="0" fileid="35" />
                <SequencePoint vc="0" uspid="2469" ordinal="0" offset="257" sl="95" sc="9" el="95" ec="9" bec="0" bev="0" fileid="35" />
                <SequencePoint vc="0" uspid="2470" ordinal="0" offset="258" sl="96" sc="13" el="96" ec="13" bec="0" bev="0" fileid="35" />
                <SequencePoint vc="0" uspid="2471" ordinal="0" offset="271" sl="97" sc="13" el="97" ec="13" bec="0" bev="0" fileid="35" />
                <SequencePoint vc="0" uspid="2472" ordinal="0" offset="284" sl="98" sc="13" el="98" ec="13" bec="0" bev="0" fileid="35" />
                <SequencePoint vc="0" uspid="2473" ordinal="0" offset="297" sl="99" sc="13" el="99" ec="13" bec="0" bev="0" fileid="35" />
                <SequencePoint vc="0" uspid="2474" ordinal="0" offset="310" sl="103" sc="13" el="103" ec="13" bec="0" bev="0" fileid="35" />
                <SequencePoint vc="0" uspid="2475" ordinal="0" offset="328" sl="104" sc="13" el="104" ec="13" bec="0" bev="0" fileid="35" />
                <SequencePoint vc="0" uspid="2476" ordinal="0" offset="346" sl="105" sc="13" el="105" ec="13" bec="0" bev="0" fileid="35" />
                <SequencePoint vc="0" uspid="2477" ordinal="0" offset="359" sl="109" sc="13" el="109" ec="13" bec="0" bev="0" fileid="35" />
                <SequencePoint vc="0" uspid="2478" ordinal="0" offset="377" sl="110" sc="13" el="110" ec="13" bec="0" bev="0" fileid="35" />
                <SequencePoint vc="0" uspid="2479" ordinal="0" offset="395" sl="111" sc="9" el="111" ec="9" bec="0" bev="0" fileid="35" />
                <SequencePoint vc="96" uspid="2480" ordinal="0" offset="396" sl="112" sc="5" el="112" ec="5" bec="0" bev="0" fileid="35" />
              </SequencePoints>
              <BranchPoints />
            </Method>
            <Method visited="true" cyclomaticComplexity="0" nPathComplexity="0" sequenceCoverage="100.0" branchCoverage="0" crapScore="0" isConstructor="false" isStatic="false" isGetter="false" isSetter="false">
              <Summary numSequencePoints="3" visitedSequencePoints="3" numBranchPoints="0" visitedBranchPoints="0" sequenceCoverage="100.0" branchCoverage="0" maxCyclomaticComplexity="0" minCyclomaticComplexity="0" maxCrapScore="0" minCrapScore="0" visitedClasses="0" numClasses="0" visitedMethods="1" numMethods="1" />
              <MetadataToken>100663376</MetadataToken>
              <Name>System.Void CarEnterExitSystem::CheckFuel(System.Boolean)</Name>
              <FileRef uid="35" />
              <SequencePoints>
                <SequencePoint vc="1" uspid="2495" ordinal="0" offset="0" sl="134" sc="5" el="134" ec="5" bec="0" bev="0" fileid="35" />
                <SequencePoint vc="1" uspid="2496" ordinal="0" offset="1" sl="135" sc="9" el="135" ec="9" bec="0" bev="0" fileid="35" />
                <SequencePoint vc="1" uspid="2497" ordinal="0" offset="8" sl="136" sc="5" el="136" ec="5" bec="0" bev="0" fileid="35" />
              </SequencePoints>
              <BranchPoints />
            </Method>
          </Methods>
        </Class>
        <Class>
          <Summary numSequencePoints="3" visitedSequencePoints="3" numBranchPoints="0" visitedBranchPoints="0" sequenceCoverage="100.0" branchCoverage="0.0" maxCyclomaticComplexity="0" minCyclomaticComplexity="0" maxCrapScore="0" minCrapScore="0" visitedClasses="1" numClasses="1" visitedMethods="1" numMethods="1" />
          <FullName>DamageScript</FullName>
          <Methods>
            <Method visited="true" cyclomaticComplexity="0" nPathComplexity="0" sequenceCoverage="100.0" branchCoverage="0" crapScore="0" isConstructor="true" isStatic="false" isGetter="false" isSetter="false">
              <Summary numSequencePoints="3" visitedSequencePoints="3" numBranchPoints="0" visitedBranchPoints="0" sequenceCoverage="100.0" branchCoverage="0" maxCyclomaticComplexity="0" minCyclomaticComplexity="0" maxCrapScore="0" minCrapScore="0" visitedClasses="0" numClasses="0" visitedMethods="1" numMethods="1" />
              <MetadataToken>100663381</MetadataToken>
              <Name>DamageScript::DamageScript()</Name>
              <FileRef uid="36" />
              <SequencePoints>
                <SequencePoint vc="18" uspid="2510" ordinal="0" offset="0" sl="8" sc="22" el="8" ec="22" bec="0" bev="0" fileid="36" />
                <SequencePoint vc="18" uspid="2511" ordinal="0" offset="7" sl="9" sc="22" el="9" ec="22" bec="0" bev="0" fileid="36" />
                <SequencePoint vc="18" uspid="2512" ordinal="0" offset="18" sl="14" sc="5" el="14" ec="5" bec="0" bev="0" fileid="36" />
              </SequencePoints>
              <BranchPoints />
            </Method>
          </Methods>
        </Class>
        <Class>
          <Summary numSequencePoints="3" visitedSequencePoints="3" numBranchPoints="0" visitedBranchPoints="0" sequenceCoverage="100.0" branchCoverage="0.0" maxCyclomaticComplexity="0" minCyclomaticComplexity="0" maxCrapScore="0" minCrapScore="0" visitedClasses="1" numClasses="1" visitedMethods="1" numMethods="1" />
          <FullName>FastTrevel</FullName>
          <Methods>
            <Method visited="true" cyclomaticComplexity="0" nPathComplexity="0" sequenceCoverage="100.0" branchCoverage="0" crapScore="0" isConstructor="false" isStatic="false" isGetter="false" isSetter="false">
              <Summary numSequencePoints="3" visitedSequencePoints="3" numBranchPoints="0" visitedBranchPoints="0" sequenceCoverage="100.0" branchCoverage="0" maxCyclomaticComplexity="0" minCyclomaticComplexity="0" maxCrapScore="0" minCrapScore="0" visitedClasses="0" numClasses="0" visitedMethods="1" numMethods="1" />
              <MetadataToken>100663383</MetadataToken>
              <Name>System.Void FastTrevel::Start()</Name>
              <FileRef uid="37" />
              <SequencePoints>
                <SequencePoint vc="5" uspid="2514" ordinal="0" offset="0" sl="14" sc="5" el="14" ec="5" bec="0" bev="0" fileid="37" />
                <SequencePoint vc="5" uspid="2515" ordinal="0" offset="1" sl="15" sc="9" el="15" ec="9" bec="0" bev="0" fileid="37" />
                <SequencePoint vc="5" uspid="2516" ordinal="0" offset="8" sl="16" sc="5" el="16" ec="5" bec="0" bev="0" fileid="37" />
              </SequencePoints>
              <BranchPoints />
            </Method>
          </Methods>
        </Class>
        <Class>
          <Summary numSequencePoints="25" visitedSequencePoints="21" numBranchPoints="0" visitedBranchPoints="0" sequenceCoverage="84.00" branchCoverage="0.0" maxCyclomaticComplexity="0" minCyclomaticComplexity="0" maxCrapScore="0" minCrapScore="0" visitedClasses="1" numClasses="1" visitedMethods="6" numMethods="6" />
          <FullName>GameManager</FullName>
          <Methods>
            <Method visited="true" cyclomaticComplexity="0" nPathComplexity="0" sequenceCoverage="100.0" branchCoverage="0" crapScore="0" isConstructor="false" isStatic="false" isGetter="false" isSetter="false">
              <Summary numSequencePoints="4" visitedSequencePoints="4" numBranchPoints="0" visitedBranchPoints="0" sequenceCoverage="100.0" branchCoverage="0" maxCyclomaticComplexity="0" minCyclomaticComplexity="0" maxCrapScore="0" minCrapScore="0" visitedClasses="0" numClasses="0" visitedMethods="1" numMethods="1" />
              <MetadataToken>100663388</MetadataToken>
              <Name>System.Void GameManager::Awake()</Name>
              <FileRef uid="38" />
              <SequencePoints>
                <SequencePoint vc="1" uspid="2532" ordinal="0" offset="0" sl="43" sc="5" el="43" ec="5" bec="0" bev="0" fileid="38" />
                <SequencePoint vc="1" uspid="2533" ordinal="0" offset="1" sl="44" sc="9" el="44" ec="9" bec="0" bev="0" fileid="38" />
                <SequencePoint vc="1" uspid="2534" ordinal="0" offset="8" sl="45" sc="9" el="45" ec="9" bec="0" bev="0" fileid="38" />
                <SequencePoint vc="1" uspid="2535" ordinal="0" offset="21" sl="50" sc="5" el="50" ec="5" bec="0" bev="0" fileid="38" />
              </SequencePoints>
              <BranchPoints />
            </Method>
            <Method visited="true" cyclomaticComplexity="0" nPathComplexity="0" sequenceCoverage="100.0" branchCoverage="0" crapScore="0" isConstructor="false" isStatic="false" isGetter="false" isSetter="false">
              <Summary numSequencePoints="4" visitedSequencePoints="4" numBranchPoints="0" visitedBranchPoints="0" sequenceCoverage="100.0" branchCoverage="0" maxCyclomaticComplexity="0" minCyclomaticComplexity="0" maxCrapScore="0" minCrapScore="0" visitedClasses="0" numClasses="0" visitedMethods="1" numMethods="1" />
              <MetadataToken>100663389</MetadataToken>
              <Name>System.Void GameManager::OnEnable()</Name>
              <FileRef uid="38" />
              <SequencePoints>
                <SequencePoint vc="1" uspid="2536" ordinal="0" offset="0" sl="53" sc="5" el="53" ec="5" bec="0" bev="0" fileid="38" />
                <SequencePoint vc="1" uspid="2537" ordinal="0" offset="1" sl="54" sc="9" el="54" ec="9" bec="0" bev="0" fileid="38" />
                <SequencePoint vc="1" uspid="2538" ordinal="0" offset="24" sl="56" sc="9" el="56" ec="9" bec="0" bev="0" fileid="38" />
                <SequencePoint vc="1" uspid="2539" ordinal="0" offset="47" sl="57" sc="5" el="57" ec="5" bec="0" bev="0" fileid="38" />
              </SequencePoints>
              <BranchPoints />
            </Method>
            <Method visited="true" cyclomaticComplexity="0" nPathComplexity="0" sequenceCoverage="100.0" branchCoverage="0" crapScore="0" isConstructor="false" isStatic="false" isGetter="false" isSetter="false">
              <Summary numSequencePoints="4" visitedSequencePoints="4" numBranchPoints="0" visitedBranchPoints="0" sequenceCoverage="100.0" branchCoverage="0" maxCyclomaticComplexity="0" minCyclomaticComplexity="0" maxCrapScore="0" minCrapScore="0" visitedClasses="0" numClasses="0" visitedMethods="1" numMethods="1" />
              <MetadataToken>100663390</MetadataToken>
              <Name>System.Void GameManager::OnDisable()</Name>
              <FileRef uid="38" />
              <SequencePoints>
                <SequencePoint vc="1" uspid="2540" ordinal="0" offset="0" sl="60" sc="5" el="60" ec="5" bec="0" bev="0" fileid="38" />
                <SequencePoint vc="1" uspid="2541" ordinal="0" offset="1" sl="61" sc="9" el="61" ec="9" bec="0" bev="0" fileid="38" />
                <SequencePoint vc="1" uspid="2542" ordinal="0" offset="24" sl="63" sc="9" el="63" ec="9" bec="0" bev="0" fileid="38" />
                <SequencePoint vc="1" uspid="2543" ordinal="0" offset="47" sl="64" sc="5" el="64" ec="5" bec="0" bev="0" fileid="38" />
              </SequencePoints>
              <BranchPoints />
            </Method>
            <Method visited="true" cyclomaticComplexity="0" nPathComplexity="0" sequenceCoverage="50.00" branchCoverage="0" crapScore="0" isConstructor="false" isStatic="false" isGetter="false" isSetter="false">
              <Summary numSequencePoints="6" visitedSequencePoints="3" numBranchPoints="0" visitedBranchPoints="0" sequenceCoverage="50.00" branchCoverage="0" maxCyclomaticComplexity="0" minCyclomaticComplexity="0" maxCrapScore="0" minCrapScore="0" visitedClasses="0" numClasses="0" visitedMethods="1" numMethods="1" />
              <MetadataToken>100663391</MetadataToken>
              <Name>System.Void GameManager::Update()</Name>
              <FileRef uid="38" />
              <SequencePoints>
                <SequencePoint vc="96" uspid="2544" ordinal="0" offset="0" sl="72" sc="5" el="72" ec="5" bec="0" bev="0" fileid="38" />
                <SequencePoint vc="96" uspid="2545" ordinal="0" offset="1" sl="74" sc="9" el="74" ec="9" bec="0" bev="0" fileid="38" />
                <SequencePoint vc="0" uspid="2546" ordinal="0" offset="12" sl="75" sc="9" el="75" ec="9" bec="0" bev="0" fileid="38" />
                <SequencePoint vc="0" uspid="2547" ordinal="0" offset="13" sl="76" sc="13" el="76" ec="13" bec="0" bev="0" fileid="38" />
                <SequencePoint vc="0" uspid="2548" ordinal="0" offset="20" sl="77" sc="9" el="77" ec="9" bec="0" bev="0" fileid="38" />
                <SequencePoint vc="96" uspid="2549" ordinal="0" offset="21" sl="80" sc="5" el="80" ec="5" bec="0" bev="0" fileid="38" />
              </SequencePoints>
              <BranchPoints />
            </Method>
            <Method visited="true" cyclomaticComplexity="0" nPathComplexity="0" sequenceCoverage="80.00" branchCoverage="0" crapScore="0" isConstructor="false" isStatic="false" isGetter="false" isSetter="false">
              <Summary numSequencePoints="5" visitedSequencePoints="4" numBranchPoints="0" visitedBranchPoints="0" sequenceCoverage="80.00" branchCoverage="0" maxCyclomaticComplexity="0" minCyclomaticComplexity="0" maxCrapScore="0" minCrapScore="0" visitedClasses="0" numClasses="0" visitedMethods="1" numMethods="1" />
              <MetadataToken>100663399</MetadataToken>
              <Name>System.Void GameManager::OpenLesopilka(System.Boolean)</Name>
              <FileRef uid="38" />
              <SequencePoints>
                <SequencePoint vc="1" uspid="2583" ordinal="0" offset="0" sl="136" sc="5" el="136" ec="5" bec="0" bev="0" fileid="38" />
                <SequencePoint vc="1" uspid="2584" ordinal="0" offset="1" sl="137" sc="9" el="137" ec="9" bec="0" bev="0" fileid="38" />
                <SequencePoint vc="0" uspid="2585" ordinal="0" offset="6" sl="138" sc="13" el="138" ec="13" bec="0" bev="0" fileid="38" />
                <SequencePoint vc="1" uspid="2586" ordinal="0" offset="21" sl="140" sc="13" el="140" ec="13" bec="0" bev="0" fileid="38" />
                <SequencePoint vc="1" uspid="2587" ordinal="0" offset="34" sl="141" sc="5" el="141" ec="5" bec="0" bev="0" fileid="38" />
              </SequencePoints>
              <BranchPoints />
            </Method>
            <Method visited="true" cyclomaticComplexity="0" nPathComplexity="0" sequenceCoverage="100.0" branchCoverage="0" crapScore="0" isConstructor="true" isStatic="false" isGetter="false" isSetter="false">
[...]
              <SequencePoints>
                <SequencePoint vc="1" uspid="3877" ordinal="0" offset="0" sl="219" sc="31" el="219" ec="31" bec="0" bev="0" fileid="25" />
                <SequencePoint vc="1" uspid="3878" ordinal="0" offset="1" sl="219" sc="33" el="219" ec="33" bec="0" bev="0" fileid="25" />
                <SequencePoint vc="1" uspid="3879" ordinal="0" offset="13" sl="219" sc="50" el="219" ec="50" bec="0" bev="0" fileid="25" />
              </SequencePoints>
              <BranchPoints />
            </Method>
            <Method visited="true" cyclomaticComplexity="0" nPathComplexity="0" sequenceCoverage="100.0" branchCoverage="0" crapScore="0" isConstructor="true" isStatic="false" isGetter="false" isSetter="false">
              <Summary numSequencePoints="3" visitedSequencePoints="3" numBranchPoints="0" visitedBranchPoints="0" sequenceCoverage="100.0" branchCoverage="0" maxCyclomaticComplexity="0" minCyclomaticComplexity="0" maxCrapScore="0" minCrapScore="0" visitedClasses="0" numClasses="0" visitedMethods="1" numMethods="1" />
              <MetadataToken>100663636</MetadataToken>
              <Name>ThirpdPesonActionsAsset/PlayerActions::PlayerActions(ThirpdPesonActionsAsset)</Name>
              <FileRef uid="25" />
              <SequencePoints>
                <SequencePoint vc="5" uspid="3922" ordinal="0" offset="0" sl="213" sc="64" el="213" ec="64" bec="0" bev="0" fileid="25" />
                <SequencePoint vc="5" uspid="3923" ordinal="0" offset="1" sl="213" sc="66" el="213" ec="66" bec="0" bev="0" fileid="25" />
                <SequencePoint vc="5" uspid="3924" ordinal="0" offset="8" sl="213" sc="87" el="213" ec="87" bec="0" bev="0" fileid="25" />
              </SequencePoints>
              <BranchPoints />
            </Method>
          </Methods>
        </Class>
        <Class>
          <Summary numSequencePoints="7" visitedSequencePoints="7" numBranchPoints="0" visitedBranchPoints="0" sequenceCoverage="100.0" branchCoverage="0.0" maxCyclomaticComplexity="0" minCyclomaticComplexity="0" maxCrapScore="0" minCrapScore="0" visitedClasses="1" numClasses="1" visitedMethods="1" numMethods="1" />
          <FullName>FieldOfView/&lt;FOVRoutine&gt;d__12</FullName>
          <Methods>
            <Method visited="true" cyclomaticComplexity="0" nPathComplexity="0" sequenceCoverage="100.0" branchCoverage="0" crapScore="0" isConstructor="false" isStatic="false" isGetter="false" isSetter="false">
              <Summary numSequencePoints="7" visitedSequencePoints="7" numBranchPoints="0" visitedBranchPoints="0" sequenceCoverage="100.0" branchCoverage="0" maxCyclomaticComplexity="0" minCyclomaticComplexity="0" maxCrapScore="0" minCrapScore="0" visitedClasses="0" numClasses="0" visitedMethods="1" numMethods="1" />
              <MetadataToken>100663655</MetadataToken>
              <Name>System.Boolean FieldOfView/&lt;FOVRoutine&gt;d__12::MoveNext()</Name>
              <FileRef uid="31" />
              <SequencePoints>
                <SequencePoint vc="9" uspid="3925" ordinal="0" offset="31" sl="41" sc="5" el="41" ec="5" bec="0" bev="0" fileid="31" />
                <SequencePoint vc="9" uspid="3926" ordinal="0" offset="32" sl="42" sc="9" el="42" ec="9" bec="0" bev="0" fileid="31" />
                <SequencePoint vc="81" uspid="3927" ordinal="0" offset="50" sl="45" sc="9" el="45" ec="9" bec="0" bev="0" fileid="31" />
                <SequencePoint vc="81" uspid="3928" ordinal="0" offset="51" sl="46" sc="13" el="46" ec="13" bec="0" bev="0" fileid="31" />
                <SequencePoint vc="72" uspid="3929" ordinal="0" offset="79" sl="47" sc="13" el="47" ec="13" bec="0" bev="0" fileid="31" />
                <SequencePoint vc="72" uspid="3930" ordinal="0" offset="91" sl="48" sc="9" el="48" ec="9" bec="0" bev="0" fileid="31" />
                <SequencePoint vc="81" uspid="3931" ordinal="0" offset="92" sl="44" sc="9" el="44" ec="9" bec="0" bev="0" fileid="31" />
              </SequencePoints>
              <BranchPoints />
            </Method>
          </Methods>
        </Class>
        <Class>
          <Summary numSequencePoints="8" visitedSequencePoints="5" numBranchPoints="0" visitedBranchPoints="0" sequenceCoverage="62.50" branchCoverage="0.0" maxCyclomaticComplexity="0" minCyclomaticComplexity="0" maxCrapScore="0" minCrapScore="0" visitedClasses="1" numClasses="1" visitedMethods="1" numMethods="1" />
          <FullName>SoundRandomizer/&lt;SpeakRandomPhrase&gt;d__4</FullName>
          <Methods>
            <Method visited="true" cyclomaticComplexity="0" nPathComplexity="0" sequenceCoverage="62.50" branchCoverage="0" crapScore="0" isConstructor="false" isStatic="false" isGetter="false" isSetter="false">
              <Summary numSequencePoints="8" visitedSequencePoints="5" numBranchPoints="0" visitedBranchPoints="0" sequenceCoverage="62.50" branchCoverage="0" maxCyclomaticComplexity="0" minCyclomaticComplexity="0" maxCrapScore="0" minCrapScore="0" visitedClasses="0" numClasses="0" visitedMethods="1" numMethods="1" />
              <MetadataToken>100663685</MetadataToken>
              <Name>System.Boolean SoundRandomizer/&lt;SpeakRandomPhrase&gt;d__4::MoveNext()</Name>
              <FileRef uid="51" />
              <SequencePoints>
                <SequencePoint vc="8" uspid="3984" ordinal="0" offset="31" sl="17" sc="5" el="17" ec="5" bec="0" bev="0" fileid="51" />
                <SequencePoint vc="8" uspid="3985" ordinal="0" offset="34" sl="19" sc="9" el="19" ec="9" bec="0" bev="0" fileid="51" />
                <SequencePoint vc="8" uspid="3986" ordinal="0" offset="35" sl="20" sc="13" el="20" ec="13" bec="0" bev="0" fileid="51" />
                <SequencePoint vc="8" uspid="3987" ordinal="0" offset="61" sl="21" sc="13" el="21" ec="13" bec="0" bev="0" fileid="51" />
                <SequencePoint vc="0" uspid="3988" ordinal="0" offset="99" sl="23" sc="13" el="23" ec="13" bec="0" bev="0" fileid="51" />
                <SequencePoint vc="0" uspid="3989" ordinal="0" offset="124" sl="25" sc="13" el="25" ec="13" bec="0" bev="0" fileid="51" />
                <SequencePoint vc="0" uspid="3990" ordinal="0" offset="159" sl="26" sc="9" el="26" ec="9" bec="0" bev="0" fileid="51" />
                <SequencePoint vc="8" uspid="3991" ordinal="0" offset="160" sl="18" sc="9" el="18" ec="9" bec="0" bev="0" fileid="51" />
              </SequencePoints>
              <BranchPoints />
            </Method>
          </Methods>
        </Class>
      </Classes>
    </Module>
    <Module>
      <Summary numSequencePoints="12" visitedSequencePoints="3" numBranchPoints="0" visitedBranchPoints="0" sequenceCoverage="25.00" branchCoverage="0.0" maxCyclomaticComplexity="0" minCyclomaticComplexity="0" maxCrapScore="0" minCrapScore="0" visitedClasses="1" numClasses="1" visitedMethods="1" numMethods="1" />
      <ModuleTime>0001-01-01T00:00:00</ModuleTime>
      <ModuleName>Assembly-CSharp-Editor</ModuleName>
      <Files>
        <File uid="76" fullPath="D:/UnityProjects/GitHub/PolskiiBobr/Assets/Arcade Bike Physics/Editor/BikerAnimationCreator.cs" />
        <File uid="77" fullPath="D:/UnityProjects/GitHub/PolskiiBobr/Assets/Arcade Bike Physics/Editor/SimpleBikeCreator.cs" />
        <File uid="78" fullPath="D:/UnityProjects/GitHub/PolskiiBobr/Assets/Musor/TutorialInfo/Scripts/Editor/ReadmeEditor.cs" />
        <File uid="79" fullPath="D:/UnityProjects/GitHub/PolskiiBobr/Assets/Scripts/World/Editor/TrackableEditor.cs" />
      </Files>
      <Classes>
        <Class>
          <Summary numSequencePoints="12" visitedSequencePoints="3" numBranchPoints="0" visitedBranchPoints="0" sequenceCoverage="25.00" branchCoverage="0.0" maxCyclomaticComplexity="0" minCyclomaticComplexity="0" maxCrapScore="0" minCrapScore="0" visitedClasses="1" numClasses="1" visitedMethods="1" numMethods="1" />
          <FullName>ReadmeEditor</FullName>
          <Methods>
            <Method visited="true" cyclomaticComplexity="0" nPathComplexity="0" sequenceCoverage="25.00" branchCoverage="0" crapScore="0" isConstructor="false" isStatic="true" isGetter="false" isSetter="false">
              <Summary numSequencePoints="12" visitedSequencePoints="3" numBranchPoints="0" visitedBranchPoints="0" sequenceCoverage="25.00" branchCoverage="0" maxCyclomaticComplexity="0" minCyclomaticComplexity="0" maxCrapScore="0" minCrapScore="0" visitedClasses="0" numClasses="0" visitedMethods="1" numMethods="1" />
              <MetadataToken>100663307</MetadataToken>
              <Name>static System.Void ReadmeEditor::SelectReadmeAutomatically()</Name>
              <FileRef uid="78" />
              <SequencePoints>
                <SequencePoint vc="1" uspid="4147" ordinal="0" offset="0" sl="23" sc="5" el="23" ec="5" bec="0" bev="0" fileid="78" />
                <SequencePoint vc="1" uspid="4148" ordinal="0" offset="1" sl="24" sc="9" el="24" ec="9" bec="0" bev="0" fileid="78" />
                <SequencePoint vc="0" uspid="4149" ordinal="0" offset="19" sl="25" sc="9" el="25" ec="9" bec="0" bev="0" fileid="78" />
                <SequencePoint vc="0" uspid="4150" ordinal="0" offset="20" sl="26" sc="13" el="26" ec="13" bec="0" bev="0" fileid="78" />
                <SequencePoint vc="0" uspid="4151" ordinal="0" offset="26" sl="27" sc="13" el="27" ec="13" bec="0" bev="0" fileid="78" />
                <SequencePoint vc="0" uspid="4152" ordinal="0" offset="38" sl="29" sc="13" el="29" ec="13" bec="0" bev="0" fileid="78" />
                <SequencePoint vc="0" uspid="4153" ordinal="0" offset="62" sl="30" sc="13" el="30" ec="13" bec="0" bev="0" fileid="78" />
                <SequencePoint vc="0" uspid="4154" ordinal="0" offset="63" sl="31" sc="17" el="31" ec="17" bec="0" bev="0" fileid="78" />
                <SequencePoint vc="0" uspid="4155" ordinal="0" offset="69" sl="32" sc="17" el="32" ec="17" bec="0" bev="0" fileid="78" />
                <SequencePoint vc="0" uspid="4156" ordinal="0" offset="76" sl="33" sc="13" el="33" ec="13" bec="0" bev="0" fileid="78" />
                <SequencePoint vc="0" uspid="4157" ordinal="0" offset="77" sl="34" sc="9" el="34" ec="9" bec="0" bev="0" fileid="78" />
                <SequencePoint vc="1" uspid="4158" ordinal="0" offset="78" sl="35" sc="5" el="35" ec="5" bec="0" bev="0" fileid="78" />
              </SequencePoints>
              <BranchPoints />
            </Method>
          </Methods>
        </Class>
      </Classes>
    </Module>
    <Module>
      <Summary numSequencePoints="41" visitedSequencePoints="0" numBranchPoints="0" visitedBranchPoints="0" sequenceCoverage="0.0" branchCoverage="0.0" maxCyclomaticComplexity="0" minCyclomaticComplexity="0" maxCrapScore="0" minCrapScore="0" visitedClasses="0" numClasses="1" visitedMethods="0" numMethods="2" />
      <ModuleTime>0001-01-01T00:00:00</ModuleTime>
      <ModuleName>sc.stylizedgrass.runtime</ModuleName>
      <Files>
        <File uid="92" fullPath="D:/UnityProjects/GitHub/PolskiiBobr/Assets/Models/Stylized Grass Shader/Runtime/ColorMapRendering.cs" />
        <File uid="93" fullPath="D:/UnityProjects/GitHub/PolskiiBobr/Assets/Models/Stylized Grass Shader/Runtime/GrassBender.cs" />
        <File uid="94" fullPath="D:/UnityProjects/GitHub/PolskiiBobr/Assets/Models/Stylized Grass Shader/Runtime/GrassColorMap.cs" />
        <File uid="95" fullPath="D:/UnityProjects/GitHub/PolskiiBobr/Assets/Models/Stylized Grass Shader/Runtime/GrassColorMapRenderer.cs" />
        <File uid="96" fullPath="D:/UnityProjects/GitHub/PolskiiBobr/Assets/Models/Stylized Grass Shader/Runtime/GrassMaskingSphere.cs" />
        <File uid="97" fullPath="D:/UnityProjects/GitHub/PolskiiBobr/Assets/Models/Stylized Grass Shader/Runtime/GrassRenderFeature.cs" />
        <File uid="98" fullPath="D:/UnityProjects/GitHub/PolskiiBobr/Assets/Models/Stylized Grass Shader/Runtime/PipelineUtilities.cs" />
        <File uid="99" fullPath="D:/UnityProjects/GitHub/PolskiiBobr/Assets/Models/Stylized Grass Shader/Runtime/StylizedGrassRenderer.cs" />
      </Files>
      <Classes>
        <Class>
          <Summary numSequencePoints="41" visitedSequencePoints="0" numBranchPoints="0" visitedBranchPoints="0" sequenceCoverage="0.0" branchCoverage="0.0" maxCyclomaticComplexity="0" minCyclomaticComplexity="0" maxCrapScore="0" minCrapScore="0" visitedClasses="0" numClasses="1" visitedMethods="0" numMethods="2" />
          <FullName>StylizedGrass.PipelineUtilities</FullName>
          <Methods>
            <Method visited="false" cyclomaticComplexity="0" nPathComplexity="0" sequenceCoverage="0.0" branchCoverage="0" crapScore="0" isConstructor="false" isStatic="true" isGetter="false" isSetter="false">
              <Summary numSequencePoints="17" visitedSequencePoints="0" numBranchPoints="0" visitedBranchPoints="0" sequenceCoverage="0.0" branchCoverage="0" maxCyclomaticComplexity="0" minCyclomaticComplexity="0" maxCrapScore="0" minCrapScore="0" visitedClasses="0" numClasses="0" visitedMethods="0" numMethods="1" />
              <MetadataToken>100663369</MetadataToken>
              <Name>static System.Boolean StylizedGrass.PipelineUtilities::RenderFeatureAdded[T](System.Boolean)</Name>
              <FileRef uid="98" />
              <SequencePoints>
                <SequencePoint vc="0" uspid="6733" ordinal="0" offset="0" sl="166" sc="0" el="166" ec="0" bec="0" bev="0" fileid="98" />
                <SequencePoint vc="0" uspid="6734" ordinal="0" offset="1" sl="167" sc="0" el="167" ec="0" bec="0" bev="0" fileid="98" />
                <SequencePoint vc="0" uspid="6735" ordinal="0" offset="7" sl="168" sc="0" el="168" ec="0" bec="0" bev="0" fileid="98" />
                <SequencePoint vc="0" uspid="6736" ordinal="0" offset="9" sl="170" sc="0" el="170" ec="0" bec="0" bev="0" fileid="98" />
                <SequencePoint vc="0" uspid="6737" ordinal="0" offset="10" sl="170" sc="0" el="170" ec="0" bec="0" bev="0" fileid="98" />
                <SequencePoint vc="0" uspid="6738" ordinal="0" offset="24" sl="170" sc="0" el="170" ec="0" bec="0" bev="0" fileid="98" />
                <SequencePoint vc="0" uspid="6739" ordinal="0" offset="32" sl="171" sc="0" el="171" ec="0" bec="0" bev="0" fileid="98" />
                <SequencePoint vc="0" uspid="6740" ordinal="0" offset="33" sl="172" sc="0" el="172" ec="0" bec="0" bev="0" fileid="98" />
                <SequencePoint vc="0" uspid="6741" ordinal="0" offset="46" sl="172" sc="0" el="172" ec="0" bec="0" bev="0" fileid="98" />
                <SequencePoint vc="0" uspid="6742" ordinal="0" offset="48" sl="174" sc="0" el="174" ec="0" bec="0" bev="0" fileid="98" />
                <SequencePoint vc="0" uspid="6743" ordinal="0" offset="75" sl="174" sc="0" el="174" ec="0" bec="0" bev="0" fileid="98" />
                <SequencePoint vc="0" uspid="6744" ordinal="0" offset="77" sl="175" sc="0" el="175" ec="0" bec="0" bev="0" fileid="98" />
                <SequencePoint vc="0" uspid="6745" ordinal="0" offset="78" sl="170" sc="0" el="170" ec="0" bec="0" bev="0" fileid="98" />
                <SequencePoint vc="0" uspid="6746" ordinal="0" offset="104" sl="177" sc="0" el="177" ec="0" bec="0" bev="0" fileid="98" />
                <SequencePoint vc="0" uspid="6747" ordinal="0" offset="116" sl="177" sc="0" el="177" ec="0" bec="0" bev="0" fileid="98" />
                <SequencePoint vc="0" uspid="6748" ordinal="0" offset="124" sl="179" sc="0" el="179" ec="0" bec="0" bev="0" fileid="98" />
                <SequencePoint vc="0" uspid="6749" ordinal="0" offset="129" sl="180" sc="0" el="180" ec="0" bec="0" bev="0" fileid="98" />
              </SequencePoints>
              <BranchPoints />
            </Method>
            <Method visited="false" cyclomaticComplexity="0" nPathComplexity="0" sequenceCoverage="0.0" branchCoverage="0" crapScore="0" isConstructor="false" isStatic="true" isGetter="false" isSetter="false">
              <Summary numSequencePoints="24" visitedSequencePoints="0" numBranchPoints="0" visitedBranchPoints="0" sequenceCoverage="0.0" branchCoverage="0" maxCyclomaticComplexity="0" minCyclomaticComplexity="0" maxCrapScore="0" minCrapScore="0" visitedClasses="0" numClasses="0" visitedMethods="0" numMethods="1" />
              <MetadataToken>100663370</MetadataToken>
              <Name>static System.Void StylizedGrass.PipelineUtilities::AddRenderFeature[T](UnityEngine.Rendering.Universal.ScriptableRendererData, System.Boolean)</Name>
              <FileRef uid="98" />
              <SequencePoints>
                <SequencePoint vc="0" uspid="6750" ordinal="0" offset="0" sl="188" sc="0" el="188" ec="0" bec="0" bev="0" fileid="98" />
                <SequencePoint vc="0" uspid="6751" ordinal="0" offset="1" sl="189" sc="0" el="189" ec="0" bec="0" bev="0" fileid="98" />
                <SequencePoint vc="0" uspid="6752" ordinal="0" offset="12" sl="189" sc="0" el="189" ec="0" bec="0" bev="0" fileid="98" />
                <SequencePoint vc="0" uspid="6753" ordinal="0" offset="19" sl="191" sc="0" el="191" ec="0" bec="0" bev="0" fileid="98" />
                <SequencePoint vc="0" uspid="6754" ordinal="0" offset="45" sl="192" sc="0" el="192" ec="0" bec="0" bev="0" fileid="98" />
                <SequencePoint vc="0" uspid="6755" ordinal="0" offset="67" sl="196" sc="0" el="196" ec="0" bec="0" bev="0" fileid="98" />
                <SequencePoint vc="0" uspid="6756" ordinal="0" offset="74" sl="197" sc="0" el="197" ec="0" bec="0" bev="0" fileid="98" />
                <SequencePoint vc="0" uspid="6757" ordinal="0" offset="75" sl="198" sc="0" el="198" ec="0" bec="0" bev="0" fileid="98" />
                <SequencePoint vc="0" uspid="6758" ordinal="0" offset="83" sl="199" sc="0" el="199" ec="0" bec="0" bev="0" fileid="98" />
                <SequencePoint vc="0" uspid="6759" ordinal="0" offset="94" sl="200" sc="0" el="200" ec="0" bec="0" bev="0" fileid="98" />
                <SequencePoint vc="0" uspid="6760" ordinal="0" offset="95" sl="204" sc="0" el="204" ec="0" bec="0" bev="0" fileid="98" />
                <SequencePoint vc="0" uspid="6761" ordinal="0" offset="118" sl="205" sc="0" el="205" ec="0" bec="0" bev="0" fileid="98" />
                <SequencePoint vc="0" uspid="6762" ordinal="0" offset="131" sl="208" sc="0" el="208" ec="0" bec="0" bev="0" fileid="98" />
                <SequencePoint vc="0" uspid="6763" ordinal="0" offset="139" sl="209" sc="0" el="209" ec="0" bec="0" bev="0" fileid="98" />
                <SequencePoint vc="0" uspid="6764" ordinal="0" offset="148" sl="211" sc="0" el="211" ec="0" bec="0" bev="0" fileid="98" />
                <SequencePoint vc="0" uspid="6765" ordinal="0" offset="155" sl="212" sc="0" el="212" ec="0" bec="0" bev="0" fileid="98" />
                <SequencePoint vc="0" uspid="6766" ordinal="0" offset="156" sl="214" sc="0" el="214" ec="0" bec="0" bev="0" fileid="98" />
                <SequencePoint vc="0" uspid="6767" ordinal="0" offset="180" sl="215" sc="0" el="215" ec="0" bec="0" bev="0" fileid="98" />
                <SequencePoint vc="0" uspid="6768" ordinal="0" offset="190" sl="218" sc="0" el="218" ec="0" bec="0" bev="0" fileid="98" />
                <SequencePoint vc="0" uspid="6769" ordinal="0" offset="197" sl="219" sc="0" el="219" ec="0" bec="0" bev="0" fileid="98" />
                <SequencePoint vc="0" uspid="6770" ordinal="0" offset="203" sl="221" sc="0" el="221" ec="0" bec="0" bev="0" fileid="98" />
                <SequencePoint vc="0" uspid="6771" ordinal="0" offset="204" sl="223" sc="0" el="223" ec="0" bec="0" bev="0" fileid="98" />
                <SequencePoint vc="0" uspid="6772" ordinal="0" offset="211" sl="223" sc="0" el="223" ec="0" bec="0" bev="0" fileid="98" />
                <SequencePoint vc="0" uspid="6773" ordinal="0" offset="270" sl="224" sc="0" el="224" ec="0" bec="0" bev="0" fileid="98" />
              </SequencePoints>
              <BranchPoints />
            </Method>
          </Methods>
        </Class>
      </Classes>
    </Module>
  </Modules>
</CoverageSession>